/home/mcgreivy/.conda/envs/jax-cpu/lib/python3.8/site-packages/jax/lib/xla_bridge.py:123: UserWarning: No GPU/TPU found, falling back to CPU.
  warnings.warn('No GPU/TPU found, falling back to CPU.')
/home/mcgreivy/.conda/envs/jax-cpu/lib/python3.8/site-packages/jax/lax/lax.py:4670: UserWarning: Explicitly requested dtype <class 'jax.numpy.lax_numpy.int64'> requested in arange is not available, and will be truncated to dtype int32. To enable more dtypes, set the jax_enable_x64 configuration option or the JAX_ENABLE_X64 shell environment variable. See https://github.com/google/jax#current-gotchas for more.
  warnings.warn(msg.format(dtype, fun_name , truncated_dtype))
0
111.2348
1
86.768425
2
74.89943
3
68.03911
4
63.9631
5
61.425186
6
59.74149
7
58.551765
8
57.664627
9
56.974304
10
56.41913
11
55.96104
12
55.57528
13
55.24511
14
54.95864
15
54.707245
16
54.484512
17
54.285503
18
54.106415
19
53.94423
20
53.796513
21
53.66134
22
53.53709
23
53.422443
24
53.31626
25
53.21764
26
53.125763
27
53.039963
28
52.959656
29
52.88432
30
52.8135
31
52.746845
32
52.68398
33
52.624607
34
52.56846
35
52.51531
36
52.464912
37
52.41709
38
52.371666
39
52.32846
40
52.28736
41
52.2482
42
52.210888
43
52.175278
44
52.141323
45
52.108864
46
52.077858
47
52.04821
48
52.019836
49
51.992676
50
51.966663
51
51.941753
52
51.91787
53
51.89497
54
51.872997
55
51.85191
56
51.83166
57
51.812225
58
51.79354
59
51.775604
60
51.758347
61
51.74176
62
51.725807
63
51.71045
64
51.69567
65
51.681454
66
51.667755
67
51.65458
68
51.64187
69
51.629642
70
51.61784
71
51.606487
72
51.59554
73
51.584984
74
51.574802
75
51.564972
76
51.555504
77
51.546356
78
51.537544
79
51.529045
80
51.52082
81
51.5129
82
51.505257
83
51.497864
84
51.490738
85
51.483856
86
51.477203
87
51.47078
88
51.46458
89
51.4586
90
51.452805
91
51.447227
92
51.44183
93
51.436615
94
51.431564
95
51.426693
96
51.422
97
51.417458
98
51.413063
99
51.408825
100
51.40472
101
51.40076
102
51.396935
103
51.393227
104
51.389645
105
51.386192
106
51.38285
107
51.37962
108
51.376488
109
51.373474
110
51.370552
111
51.36775
112
51.365017
113
51.36238
114
51.35984
115
51.35738
116
51.354992
117
51.3527
118
51.35048
119
51.348335
120
51.34625
121
51.344242
122
51.342304
123
51.34042
124
51.338615
125
51.336864
126
51.33516
127
51.333527
128
51.331947
129
51.330425
130
51.32894
131
51.327507
132
51.326122
133
51.324783
134
51.323494
135
51.322247
136
51.321033
137
51.319878
138
51.31874
139
51.31765
140
51.316597
141
51.315582
142
51.31459
143
51.313637
144
51.31272
145
51.31183
146
51.310966
147
51.310146
148
51.309334
149
51.30854
150
51.30779
151
51.30706
152
51.306366
153
51.305676
154
51.305016
155
51.30438
156
51.30377
157
51.303173
158
51.3026
159
51.302025
160
51.30149
161
51.30097
162
51.30047
163
51.299988
164
51.299507
165
51.299053
166
51.298603
167
51.298183
168
51.297764
169
51.297348
170
51.296963
171
51.296597
172
51.296227
173
51.295876
174
51.295536
175
51.295204
176
51.294884
177
51.29459
178
51.294285
179
51.293987
180
51.293716
181
51.29343
182
51.29317
183
51.29291
184
51.29267
185
51.292435
186
51.2922
187
51.291977
188
51.291748
189
51.29155
190
51.29134
191
51.291138
192
51.29095
193
51.290756
194
51.290577
195
51.290398
196
51.290237
197
51.290073
198
51.28991
199
51.289753
200
51.289593
201
51.28946
202
51.289318
203
51.289177
204
51.28904
205
51.288914
206
51.28878
207
51.288666
208
51.28855
209
51.288437
210
51.288326
211
51.288216
212
51.288097
213
51.288006
214
51.2879
215
51.287804
216
51.287704
217
51.287613
218
51.28753
219
51.287434
220
51.287357
221
51.287277
222
51.287193
223
51.28711
224
51.28705
225
51.286964
226
51.286884
227
51.28682
228
51.286766
229
51.286682
230
51.286617
231
51.286556
232
51.28649
233
51.28643
234
51.286377
235
51.28632
236
51.286266
237
51.286205
238
51.286156
239
51.286114
240
51.28606
241
51.286
242
51.285957
243
51.28591
244
51.285862
245
51.285828
246
51.285774
247
51.285732
248
51.28569
249
51.285652
250
51.285603
251
51.28557
252
51.285526
253
51.28549
254
51.28545
255
51.28542
256
51.28538
257
51.285343
258
51.285313
259
51.28527
260
51.28524
261
51.28522
262
51.28518
263
51.285152
264
51.28512
265
51.285084
266
51.28506
267
51.28503
268
51.285004
269
51.284973
270
51.28495
271
51.284916
272
51.2849
273
51.284866
274
51.284836
275
51.284813
276
51.284782
277
51.28475
278
51.284744
279
51.28472
280
51.284676
281
51.284668
282
51.28464
283
51.284622
284
51.284615
285
51.28459
286
51.28457
287
51.284546
288
51.284523
289
51.284492
290
51.28448
291
51.284454
292
51.284428
293
51.28441
294
51.284393
295
51.28438
296
51.284355
297
51.284332
298
51.28431
299
51.284298
300
51.284275
301
51.28426
302
51.284237
303
51.284225
304
51.284206
305
51.284184
306
51.28417
307
51.284153
308
51.284138
309
51.28412
310
51.284107
311
51.28409
312
51.28407
313
51.284058
314
51.284035
315
51.28402
316
51.284004
317
51.283974
318
51.283974
319
51.28396
320
51.283943
321
51.283924
322
51.283905
323
51.283897
324
51.283875
325
51.28387
326
51.283848
327
51.283833
328
51.283817
329
51.28381
330
51.283787
331
51.283775
332
51.283752
333
51.283745
334
51.28373
335
51.283722
336
51.283703
337
51.283684
338
51.283672
339
51.283657
340
51.283653
341
51.283634
342
51.28362
343
51.283604
344
51.283592
345
51.28357
346
51.28356
347
51.28355
348
51.28353
349
51.283524
350
51.28351
351
51.28349
352
51.283485
353
51.283466
354
51.28346
355
51.283447
356
51.28343
357
51.283413
358
51.28341
359
51.28339
360
51.283382
361
51.28337
362
51.283348
363
51.283344
364
51.283325
365
51.283318
366
51.2833
367
51.28328
368
51.28327
369
51.283264
370
51.283257
371
51.283237
372
51.283234
373
51.28322
374
51.2832
375
51.283195
376
51.283173
377
51.283165
378
51.28315
379
51.28314
380
51.283123
381
51.28312
382
51.28311
383
51.283096
384
51.28308
385
51.283066
386
51.28305
387
51.283047
388
51.283028
389
51.283016
390
51.283012
391
51.283
392
51.282978
393
51.282967
394
51.28296
395
51.282944
396
51.28293
397
51.282917
398
51.282913
399
51.282898
400
51.28289
401
51.282883
402
51.282864
403
51.282845
404
51.282837
405
51.282814
406
51.28281
407
51.282806
408
51.282787
409
51.282776
410
51.28277
411
51.282757
412
51.282745
413
51.282726
414
51.282715
415
51.2827
416
51.282696
417
51.282684
418
51.282677
419
51.282677
420
51.282654
421
51.28264
422
51.28264
423
51.282616
424
51.282608
425
51.282593
426
51.282593
427
51.282578
428
51.282562
429
51.282555
430
51.28254
431
51.282524
432
51.282513
433
51.2825
434
51.28249
435
51.28248
436
51.282467
437
51.282455
438
51.282455
439
51.28244
440
51.282425
441
51.282425
442
51.282402
443
51.2824
444
51.282394
445
51.28238
446
51.282364
447
51.282352
448
51.28235
449
51.282333
450
51.282314
451
51.282307
452
51.2823
453
51.282288
454
51.28227
455
51.282257
456
51.28225
457
51.28225
458
51.282223
459
51.282215
460
51.28221
461
51.282196
462
51.282192
463
51.282185
464
51.28217
465
51.282146
466
51.28214
467
51.28213
468
51.28212
469
51.282112
470
51.282097
471
51.282097
472
51.282078
473
51.282066
474
51.282055
475
51.282043
476
51.28203
477
51.282017
478
51.28202
479
51.281998
480
51.281975
481
51.281982
482
51.281967
483
51.28196
484
51.281948
485
51.281937
486
51.28193
487
51.281914
488
51.2819
489
51.28189
490
51.28189
491
51.28187
492
51.281864
493
51.281853
494
51.281853
495
51.28184
496
51.281822
497
51.28181
498
51.281803
499
51.281788
500
51.28178
501
51.281773
502
51.28176
503
51.281754
504
51.281746
505
51.281723
506
51.28172
507
51.281715
508
51.2817
509
51.28169
510
51.28168
511
51.281673
512
51.281662
513
51.28165
514
51.28164
515
51.281624
516
51.28161
517
51.2816
518
51.2816
519
51.281586
520
51.281574
521
51.281563
522
51.281555
523
51.28154
524
51.281536
525
51.28152
526
51.28152
527
51.281506
528
51.281494
529
51.28148
530
51.281467
531
51.28146
532
51.281452
533
51.281445
534
51.281433
535
51.281418
536
51.281414
537
51.281406
538
51.2814
539
51.281387
540
51.281372
541
51.281357
542
51.281345
543
51.28134
544
51.281338
545
51.281326
546
51.281307
547
51.281303
548
51.281296
549
51.281277
550
51.28126
551
51.281258
552
51.28126
553
51.281246
554
51.281227
555
51.281223
556
51.28121
557
51.281197
558
51.281197
559
51.28119
560
51.28117
561
51.28116
562
51.28116
563
51.28115
564
51.28113
565
51.28112
566
51.281116
567
51.2811
568
51.281097
569
51.28109
570
51.28107
571
51.28106
572
51.28105
573
51.28105
574
51.281044
575
51.281033
576
51.28101
577
51.28101
578
51.280994
579
51.28099
580
51.280975
581
51.280975
582
51.28096
583
51.28094
584
51.28094
585
51.280922
586
51.280922
587
51.28091
588
51.280903
589
51.28089
590
51.28088
591
51.280872
592
51.280865
593
51.28086
594
51.28084
595
51.280834
596
51.280827
597
51.280807
598
51.280807
599
51.28079
600
51.280777
601
51.28077
602
51.280766
603
51.280754
604
51.280743
605
51.28073
606
51.280724
607
51.280712
608
51.28071
609
51.280697
610
51.280693
611
51.280674
612
51.28067
613
51.28066
614
51.280655
615
51.280647
616
51.28064
617
51.280617
618
51.280605
619
51.28061
620
51.2806
621
51.28059
622
51.28057
623
51.280563
624
51.280556
625
51.28054
626
51.280533
627
51.28053
628
51.280518
629
51.280518
630
51.28049
631
51.28049
632
51.280483
633
51.280476
634
51.280464
635
51.280457
636
51.280453
637
51.280434
638
51.280422
639
51.280422
640
51.2804
641
51.2804
642
51.2804
643
51.280388
644
51.280373
645
51.280365
646
51.28035
647
51.280346
648
51.28034
649
51.28033
650
51.280315
651
51.2803
652
51.2803
653
51.28029
654
51.280273
655
51.280266
656
51.28026
657
51.28025
658
51.280235
659
51.280224
660
51.28023
661
51.28022
662
51.2802
663
51.280197
664
51.280186
665
51.280186
666
51.28017
667
51.280163
668
51.280155
669
51.28015
670
51.280136
671
51.28013
672
51.280113
673
51.2801
674
51.2801
675
51.28009
676
51.280087
677
51.28008
678
51.28007
679
51.280052
680
51.28005
681
51.280037
682
51.28003
683
51.28002
684
51.280006
685
51.28
686
51.279984
687
51.279976
688
51.27998
689
51.279964
690
51.279953
691
51.279953
692
51.279934
693
51.279934
694
51.279915
695
51.279915
696
51.279907
697
51.279892
698
51.279884
699
51.279877
700
51.27987
701
51.27987
702
51.27985
703
51.27984
704
51.27983
705
51.279827
706
51.27981
707
51.279808
708
51.279793
709
51.279793
710
51.279774
711
51.279778
712
51.27976
713
51.279747
714
51.279743
715
51.27973
716
51.279724
717
51.27971
718
51.279705
719
51.279697
720
51.27969
721
51.27967
722
51.27967
723
51.279663
724
51.279648
725
51.279633
726
51.27963
727
51.279625
728
51.279613
729
51.27961
730
51.2796
731
51.27959
732
51.27958
733
51.27958
734
51.27957
735
51.27956
736
51.279545
737
51.279533
738
51.279526
739
51.279526
740
51.279522
741
51.279503
742
51.279495
743
51.279495
744
51.279472
745
51.279465
746
51.27947
747
51.27944
748
51.27945
749
51.27943
750
51.279427
751
51.27941
752
51.27942
753
51.279408
754
51.279392
755
51.27939
756
51.279377
757
51.279373
758
51.27936
759
51.27935
760
51.27934
761
51.279335
762
51.279335
763
51.27932
764
51.27931
765
51.2793
766
51.27929
767
51.279285
768
51.279278
769
51.279263
770
51.279247
771
51.27925
772
51.279243
773
51.279232
774
51.27923
775
51.279217
776
51.279205
777
51.279205
778
51.2792
779
51.27918
780
51.279186
781
51.279175
782
51.27916
783
51.279144
784
51.279137
785
51.279133
786
51.27913
787
51.279125
788
51.279106
789
51.279095
790
51.279083
791
51.279083
792
51.279076
793
51.279064
794
51.27906
795
51.279045
796
51.279045
797
51.279037
798
51.279022
799
51.279015
800
51.279007
801
51.279
802
51.27899
803
51.278976
804
51.278973
805
51.27896
806
51.278965
807
51.278965
808
51.27895
809
51.27894
810
51.278923
811
51.278915
812
51.27891
813
51.278908
814
51.27889
815
51.278885
816
51.278873
817
51.27887
818
51.278854
819
51.27885
820
51.27884
821
51.278835
822
51.278824
823
51.278824
824
51.278812
825
51.2788
826
51.278793
827
51.278786
828
51.278774
829
51.278763
830
51.278755
831
51.278755
832
51.278748
833
51.278736
834
51.27873
835
51.278717
836
51.27871
837
51.2787
838
51.278698
839
51.27869
840
51.27868
841
51.278675
842
51.27866
843
51.278664
844
51.278652
845
51.278633
846
51.278625
847
51.27862
848
51.278614
849
51.278606
850
51.278606
851
51.27859
852
51.27858
853
51.27858
854
51.278572
855
51.27856
856
51.278557
857
51.27855
858
51.278534
859
51.27852
860
51.278522
861
51.27852
862
51.278503
863
51.278496
864
51.278496
865
51.27848
866
51.278484
867
51.278473
868
51.278458
869
51.278442
870
51.27843
871
51.27843
872
51.27842
873
51.278416
874
51.278404
875
51.2784
876
51.27839
877
51.27838
878
51.278378
879
51.278366
880
51.27836
881
51.278347
882
51.27834
883
51.278336
884
51.278328
885
51.278316
886
51.278313
887
51.2783
888
51.27829
889
51.278294
890
51.278286
891
51.278286
892
51.278267
893
51.278255
894
51.278244
895
51.27824
896
51.278236
897
51.278233
898
51.278225
899
51.278214
900
51.278214
901
51.2782
902
51.2782
903
51.27819
904
51.27818
905
51.278164
906
51.278168
907
51.278152
908
51.278137
909
51.278137
910
51.27812
911
51.27812
912
51.27811
913
51.27809
914
51.27809
915
51.278088
916
51.27808
917
51.278072
918
51.27807
919
51.278046
920
51.278046
921
51.27805
922
51.27803
923
51.27802
924
51.278015
925
51.278008
926
51.278004
927
51.278
928
51.277985
929
51.27797
930
51.27797
931
51.277958
932
51.277958
933
51.277954
934
51.27794
935
51.277935
936
51.27793
937
51.277924
938
51.27791
939
51.2779
940
51.277897
941
51.27789
942
51.277878
943
51.277863
944
51.277855
945
51.277855
946
51.277847
947
51.27784
948
51.277832
949
51.277832
950
51.277813
951
51.277805
952
51.2778
953
51.277794
954
51.277782
955
51.277786
956
51.277775
957
51.277767
958
51.27776
959
51.27775
960
51.27774
961
51.277744
962
51.277733
963
51.27772
964
51.277718
965
51.27771
966
51.2777
967
51.277687
968
51.277695
969
51.27768
970
51.27767
971
51.277664
972
51.277657
973
51.27764
974
51.277645
975
51.277634
976
51.277634
977
51.27762
978
51.27762
979
51.277603
980
51.277596
981
51.27758
982
51.277573
983
51.277576
984
51.277565
985
51.277557
986
51.277546
987
51.277546
988
51.27754
989
51.277534
990
51.277523
991
51.277523
992
51.277508
993
51.277493
994
51.277485
995
51.27748
996
51.277473
997
51.277466
998
51.277462
999
51.277447
3585.5682570934296
