/home/mcgreivy/.conda/envs/jax-cpu/lib/python3.8/site-packages/jax/lib/xla_bridge.py:123: UserWarning: No GPU/TPU found, falling back to CPU.
  warnings.warn('No GPU/TPU found, falling back to CPU.')
/home/mcgreivy/.conda/envs/jax-cpu/lib/python3.8/site-packages/jax/lax/lax.py:4670: UserWarning: Explicitly requested dtype <class 'jax.numpy.lax_numpy.int64'> requested in arange is not available, and will be truncated to dtype int32. To enable more dtypes, set the jax_enable_x64 configuration option or the JAX_ENABLE_X64 shell environment variable. See https://github.com/google/jax#current-gotchas for more.
  warnings.warn(msg.format(dtype, fun_name , truncated_dtype))
0
69.0815
1
38.9735
2
26.849304
3
20.618277
4
16.978529
5
14.620406
6
12.963128
7
11.724967
8
10.757176
9
9.974793
10
9.325841
11
8.776635
12
8.304252
13
7.892504
14
7.529573
15
7.206608
16
6.916829
17
6.654944
18
6.416774
19
6.1989465
20
5.998722
21
5.813844
22
5.642446
23
5.4829526
24
5.334039
25
5.1945815
26
5.0636053
27
4.9402776
28
4.823878
29
4.713774
30
4.609411
31
4.510298
32
4.4160123
33
4.3261657
34
4.240416
35
4.1584654
36
4.0800285
37
4.0048666
38
3.9327557
39
3.8634913
40
3.7968888
41
3.732783
42
3.671022
43
3.6114638
44
3.5539842
45
3.4984577
46
3.444783
47
3.3928578
48
3.3425884
49
3.2938898
50
3.246683
51
3.2008922
52
3.156449
53
3.1132917
54
3.0713565
55
3.0305898
56
2.9909403
57
2.9523568
58
2.9147928
59
2.8782065
60
2.8425546
61
2.8078053
62
2.7739139
63
2.7408497
64
2.708585
65
2.6770806
66
2.6463137
67
2.6162574
68
2.5868828
69
2.5581653
70
2.5300846
71
2.502616
72
2.4757416
73
2.4494338
74
2.4236803
75
2.398463
76
2.3737617
77
2.3495603
78
2.3258438
79
2.3025954
80
2.2798028
81
2.2574499
82
2.2355266
83
2.2140172
84
2.1929097
85
2.1721952
86
2.1518586
87
2.1318913
88
2.1122847
89
2.0930257
90
2.0741034
91
2.0555155
92
2.0372472
93
2.019292
94
2.0016398
95
1.9842842
96
1.967219
97
1.9504356
98
1.9339254
99
1.9176838
100
1.9017042
101
1.8859767
102
1.8704985
103
1.8552654
104
1.8402672
105
1.8255004
106
1.8109597
107
1.796639
108
1.7825346
109
1.7686411
110
1.7549522
111
1.7414671
112
1.7281778
113
1.7150794
114
1.702172
115
1.6894476
116
1.6769052
117
1.6645378
118
1.6523442
119
1.6403198
120
1.6284614
121
1.6167659
122
1.6052277
123
1.5938464
124
1.582618
125
1.571539
126
1.5606066
127
1.5498207
128
1.5391728
129
1.528665
130
1.5182914
131
1.5080513
132
1.4979426
133
1.4879625
134
1.4781079
135
1.4683764
136
1.4587648
137
1.4492735
138
1.4398991
139
1.4306396
140
1.4214914
141
1.4124558
142
1.403528
143
1.3947065
144
1.3859906
145
1.377378
146
1.3688655
147
1.3604541
148
1.3521392
149
1.3439211
150
1.3357984
151
1.327767
152
1.3198282
153
1.3119801
154
1.3042184
155
1.2965454
156
1.2889582
157
1.2814536
158
1.2740351
159
1.2666957
160
1.2594354
161
1.2522563
162
1.2451527
163
1.2381295
164
1.2311778
165
1.2243037
166
1.2174999
167
1.2107699
168
1.2041087
169
1.1975185
170
1.1909977
171
1.184543
172
1.1781578
173
1.1718357
174
1.1655802
175
1.1593868
176
1.1532559
177
1.1471889
178
1.141181
179
1.1352346
180
1.1293473
181
1.1235186
182
1.1177474
183
1.1120324
184
1.1063741
185
1.1007711
186
1.0952208
187
1.0897267
188
1.0842848
189
1.0788944
190
1.0735555
191
1.068268
192
1.0630306
193
1.0578424
194
1.0527039
195
1.0476121
196
1.0425684
197
1.0375721
198
1.0326223
199
1.0277171
200
1.0228568
201
1.0180418
202
1.0132706
203
1.0085425
204
1.0038565
205
0.9992134
206
0.9946127
207
0.9900523
208
0.9855318
209
0.98105276
210
0.9766127
211
0.9722118
212
0.9678491
213
0.9635251
214
0.95923877
215
0.95499
216
0.95077723
217
0.946601
218
0.9424603
219
0.93835586
220
0.9342851
221
0.9302505
222
0.9262492
223
0.9222821
224
0.91834825
225
0.9144461
226
0.9105781
227
0.9067422
228
0.9029368
229
0.89916456
230
0.8954221
231
0.8917111
232
0.8880302
233
0.8843786
234
0.88075763
235
0.8771653
236
0.8736023
237
0.8700678
238
0.86656237
239
0.8630845
240
0.85963374
241
0.8562113
242
0.85281515
243
0.84944546
244
0.8461033
245
0.8427871
246
0.83949554
247
0.83623093
248
0.8329916
249
0.8297768
250
0.8265875
251
0.8234214
252
0.82028127
253
0.81716317
254
0.8140705
255
0.8109997
256
0.8079542
257
0.80493087
258
0.8019299
259
0.7989513
260
0.7959953
261
0.79306066
262
0.79014856
263
0.7872572
264
0.784388
265
0.7815395
266
0.7787122
267
0.7759053
268
0.7731196
269
0.7703526
270
0.7676071
271
0.76488143
272
0.7621748
273
0.75948745
274
0.7568195
275
0.7541711
276
0.75154096
277
0.74892986
278
0.7463371
279
0.743763
280
0.7412067
281
0.73866796
282
0.73614734
283
0.7336457
284
0.73115945
285
0.7286913
286
0.7262402
287
0.7238057
288
0.7213887
289
0.7189874
290
0.7166035
291
0.7142349
292
0.7118831
293
0.7095465
294
0.70722646
295
0.70492184
296
0.70263207
297
0.700358
298
0.69810003
299
0.69585615
300
0.69362736
301
0.6914139
302
0.6892153
303
0.6870299
304
0.6848599
305
0.6827036
306
0.6805623
307
0.67843395
308
0.67632055
309
0.6742205
310
0.6721336
311
0.67005986
312
0.6680006
313
0.6659532
314
0.6639202
315
0.6619006
316
0.65989226
317
0.65789753
318
0.6559161
319
0.65394545
320
0.65198886
321
0.6500438
322
0.6481113
323
0.6461901
324
0.6442821
325
0.64238477
326
0.64050025
327
0.63862693
328
0.63676494
329
0.63491523
330
0.63307625
331
0.63124883
332
0.62943274
333
0.6276272
334
0.6258329
335
0.62404954
336
0.6222769
337
0.6205157
338
0.61876404
339
0.6170234
340
0.6152928
341
0.61357296
342
0.61186385
343
0.6101637
344
0.6084742
345
0.60679495
346
0.60512507
347
0.60346544
348
0.6018158
349
0.60017633
350
0.59854543
351
0.59692365
352
0.59531206
353
0.5937103
354
0.59211636
355
0.5905331
356
0.5889583
357
0.58739316
358
0.5858359
359
0.58428866
360
0.5827487
361
0.5812189
362
0.5796978
363
0.57818484
364
0.57668096
365
0.5751847
366
0.573697
367
0.5722181
368
0.57074726
369
0.56928545
370
0.5678311
371
0.566385
372
0.56494623
373
0.56351554
374
0.5620933
375
0.5606788
376
0.5592718
377
0.5578733
378
0.55648196
379
0.55509776
380
0.5537215
381
0.55235237
382
0.55099154
383
0.54963744
384
0.5482903
385
0.546951
386
0.5456186
387
0.5442933
388
0.5429757
389
0.5416646
390
0.5403604
391
0.53906304
392
0.53777343
393
0.53648955
394
0.53521323
395
0.5339429
396
0.5326801
397
0.53142315
398
0.53017306
399
0.5289299
400
0.52769256
401
0.52646184
402
0.5252377
403
0.5240191
404
0.5228082
405
0.5216028
406
0.5204033
407
0.51921034
408
0.5180231
409
0.51684225
410
0.51566744
411
0.51449794
412
0.5133354
413
0.5121776
414
0.5110265
415
0.50988084
416
0.5087417
417
0.5076073
418
0.50647885
419
0.5053559
420
0.504239
421
0.5031273
422
0.50202096
423
0.50092006
424
0.49982488
425
0.49873528
426
0.49765074
427
0.49657172
428
0.49549803
429
0.4944295
430
0.49336594
431
0.49230763
432
0.4912545
433
0.4902066
434
0.48916385
435
0.488126
436
0.48709247
437
0.48606497
438
0.48504192
439
0.48402357
440
0.4830105
441
0.48200244
442
0.4809985
443
0.4799988
444
0.47900534
445
0.47801536
446
0.47703132
447
0.47605026
448
0.4750749
449
0.47410384
450
0.47313786
451
0.4721756
452
0.4712185
453
0.47026563
454
0.46931678
455
0.46837202
456
0.46743214
457
0.46649703
458
0.46556538
459
0.46463868
460
0.46371585
461
0.46279773
462
0.46188322
463
0.46097267
464
0.4600665
465
0.45916474
466
0.45826715
467
0.45737335
468
0.45648375
469
0.455598
470
0.45471573
471
0.4538383
472
0.4529639
473
0.45209375
474
0.45122766
475
0.45036536
476
0.44950676
477
0.44865215
478
0.44780153
479
0.44695392
480
0.4461109
481
0.4452713
482
0.44443452
483
0.4436025
484
0.44277328
485
0.44194865
486
0.44112706
487
0.44030887
488
0.4394946
489
0.43868375
490
0.4378761
491
0.4370724
492
0.43627173
493
0.43547457
494
0.43468133
495
0.43389055
496
0.4331039
497
0.43232006
498
0.43154016
499
0.43076283
500
0.42998967
501
0.42921832
502
0.42845163
503
0.42768794
504
0.4269272
505
0.42616925
506
0.42541468
507
0.42466402
508
0.4239159
509
0.4231708
510
0.422429
511
0.4216903
512
0.4209539
513
0.4202215
514
0.41949227
515
0.418765
516
0.41804132
517
0.41732115
518
0.41660285
519
0.41588813
520
0.41517583
521
0.41446644
522
0.41376036
523
0.41305715
524
0.41235656
525
0.41165924
526
0.41096416
527
0.41027185
528
0.4095832
529
0.40889665
530
0.40821224
531
0.40753096
532
0.40685263
533
0.40617728
534
0.40550435
535
0.4048338
536
0.40416592
537
0.4035009
538
0.4028386
539
0.40217897
540
0.4015212
541
0.40086743
542
0.40021533
543
0.39956507
544
0.3989188
545
0.3982736
546
0.39763194
547
0.39699224
548
0.39635497
549
0.39572048
550
0.39508837
551
0.39445874
552
0.39383152
553
0.39320642
554
0.39258403
555
0.39196387
556
0.39134607
557
0.39073086
558
0.39011744
559
0.38950688
560
0.38889864
561
0.38829216
562
0.38768825
563
0.3870873
564
0.38648757
565
0.38589042
566
0.3852956
567
0.38470292
568
0.38411224
569
0.3835241
570
0.38293818
571
0.38235426
572
0.38177294
573
0.38119307
574
0.38061586
575
0.3800406
576
0.37946776
577
0.37889642
578
0.37832728
579
0.3777609
580
0.37719572
581
0.37663317
582
0.37607253
583
0.375514
584
0.37495762
585
0.3744025
586
0.37384948
587
0.37329942
588
0.37275082
589
0.37220365
590
0.3716591
591
0.37111673
592
0.3705761
593
0.37003726
594
0.36949998
595
0.3689651
596
0.3684323
597
0.36790037
598
0.36737114
599
0.36684412
600
0.3663185
601
0.36579448
602
0.3652727
603
0.36475244
604
0.3642345
605
0.36371768
606
0.36320332
607
0.36269045
608
0.36217967
609
0.36167017
610
0.3611629
611
0.36065683
612
0.36015266
613
0.3596507
614
0.3591501
615
0.35865134
616
0.35815406
617
0.35765868
618
0.35716537
619
0.35667306
620
0.35618305
621
0.355694
622
0.3552071
623
0.35472214
624
0.354238
625
0.35375622
626
0.35327554
627
0.35279697
628
0.35231975
629
0.35184446
630
0.3513704
631
0.35089758
632
0.3504268
633
0.34995756
634
0.3494901
635
0.34902424
636
0.3485596
637
0.3480966
638
0.34763503
639
0.34717488
640
0.34671628
641
0.34625968
642
0.34580433
643
0.34534994
644
0.34489733
645
0.344447
646
0.3439974
647
0.34354943
648
0.3431028
649
0.34265798
650
0.34221384
651
0.34177214
652
0.34133106
653
0.34089187
654
0.34045404
655
0.34001747
656
0.33958262
657
0.33914822
658
0.3387161
659
0.3382856
660
0.33785635
661
0.3374279
662
0.33700138
663
0.3365758
664
0.3361519
665
0.33572906
666
0.33530748
667
0.3348879
668
0.33446935
669
0.334052
670
0.3336358
671
0.33322066
672
0.33280724
673
0.33239534
674
0.33198455
675
0.3315749
676
0.33116624
677
0.33075944
678
0.330354
679
0.32994905
680
0.32954577
681
0.32914373
682
0.32874325
683
0.3283437
684
0.3279455
685
0.32754874
686
0.32715273
687
0.3267579
688
0.32636496
689
0.32597283
690
0.32558152
691
0.32519135
692
0.32480308
693
0.32441568
694
0.3240292
695
0.32364443
696
0.32326043
697
0.3228774
698
0.32249597
699
0.32211557
700
0.32173583
701
0.32135782
702
0.32098088
703
0.3206053
704
0.32023048
705
0.31985736
706
0.3194843
707
0.31911308
708
0.31874245
709
0.31837296
710
0.31800503
711
0.31763846
712
0.31727254
713
0.31690794
714
0.31654376
715
0.3161812
716
0.31581938
717
0.31545928
718
0.31509927
719
0.31474033
720
0.31438354
721
0.31402746
722
0.31367174
723
0.31331754
724
0.3129639
725
0.31261215
726
0.3122609
727
0.31191063
728
0.31156188
729
0.3112134
730
0.310866
731
0.31052023
732
0.31017494
733
0.30983055
734
0.30948728
735
0.309145
736
0.308804
737
0.30846375
738
0.30812436
739
0.30778596
740
0.30744871
741
0.30711237
742
0.30677685
743
0.3064424
744
0.30610862
745
0.30577648
746
0.30544475
747
0.30511397
748
0.30478442
749
0.30445534
750
0.3041273
751
0.30380028
752
0.3034741
753
0.30314887
754
0.30282462
755
0.30250075
756
0.30217835
757
0.3018569
758
0.30153632
759
0.30121678
760
0.30089757
761
0.3005796
762
0.30026227
763
0.29994586
764
0.29963037
765
0.29931587
766
0.29900196
767
0.29868948
768
0.29837793
769
0.2980664
770
0.29775628
771
0.29744676
772
0.29713804
773
0.2968301
774
0.29652315
775
0.29621673
776
0.29591167
777
0.2956072
778
0.29530406
779
0.29500106
780
0.29469872
781
0.29439795
782
0.29409707
783
0.29379764
784
0.29349926
785
0.29320076
786
0.29290372
787
0.29260704
788
0.2923117
789
0.29201704
790
0.29172263
791
0.29142952
792
0.29113725
793
0.29084578
794
0.2905547
795
0.2902642
796
0.28997502
797
0.28968635
798
0.28939816
799
0.28911135
800
0.28882468
801
0.28853965
802
0.2882545
803
0.28797045
804
0.287687
805
0.2874043
806
0.28712246
807
0.2868412
808
0.28656054
809
0.2862811
810
0.28600204
811
0.2857233
812
0.28544623
813
0.28516933
814
0.2848935
815
0.28461784
816
0.28434294
817
0.2840689
818
0.28379548
819
0.283523
820
0.28325114
821
0.2829798
822
0.28270915
823
0.28243926
824
0.28217053
825
0.28190202
826
0.28163397
827
0.2813667
828
0.28109995
829
0.2808345
830
0.28056943
831
0.2803048
832
0.28004125
833
0.2797786
834
0.27951556
835
0.27925378
836
0.2789924
837
0.278732
838
0.27847224
839
0.27821335
840
0.27795497
841
0.27769673
842
0.27743968
843
0.27718285
844
0.27692667
845
0.27667132
846
0.27641666
847
0.27616277
848
0.27590942
849
0.2756562
850
0.27540365
851
0.27515247
852
0.2749014
853
0.27465114
854
0.27440122
855
0.27415216
856
0.27390373
857
0.27365562
858
0.27340823
859
0.27316135
860
0.2729154
861
0.2726699
862
0.27242482
863
0.27218014
864
0.2719367
865
0.2716938
866
0.27145097
867
0.2712092
868
0.2709672
869
0.27072668
870
0.2704865
871
0.27024686
872
0.2700077
873
0.26976892
874
0.26953095
875
0.26929343
876
0.26905662
877
0.26882017
878
0.2685848
879
0.2683496
880
0.26811472
881
0.26788092
882
0.26764733
883
0.26741445
884
0.26718226
885
0.26695016
886
0.26671892
887
0.26648855
888
0.266258
889
0.26602814
890
0.2657994
891
0.26557067
892
0.26534268
893
0.26511472
894
0.26488784
895
0.26466125
896
0.26443538
897
0.2642102
898
0.2639851
899
0.26376075
900
0.2635368
901
0.26331386
902
0.2630909
903
0.26286858
904
0.26264668
905
0.262425
906
0.26220456
907
0.26198465
908
0.26176417
909
0.26154515
910
0.26132646
911
0.2611078
912
0.26089013
913
0.26067317
914
0.26045614
915
0.26023978
916
0.2600241
917
0.25980884
918
0.2595939
919
0.25938004
920
0.2591657
921
0.2589523
922
0.25873923
923
0.25852758
924
0.2583155
925
0.25810373
926
0.2578928
927
0.25768217
928
0.25747228
929
0.25726268
930
0.2570534
931
0.25684473
932
0.2566365
933
0.25642905
934
0.25622165
935
0.25601497
936
0.25580868
937
0.2556032
938
0.25539762
939
0.25519288
940
0.254988
941
0.25478405
942
0.25458026
943
0.25437742
944
0.25417474
945
0.25397262
946
0.25377083
947
0.25356907
948
0.25336826
949
0.25316778
950
0.2529679
951
0.2527684
952
0.25256908
953
0.25237024
954
0.2521725
955
0.25197443
956
0.2517767
957
0.2515798
958
0.251383
959
0.25118718
960
0.25099126
961
0.25079584
962
0.2506014
963
0.25040674
964
0.25021252
965
0.25001875
966
0.2498258
967
0.2496328
968
0.2494403
969
0.24924868
970
0.249057
971
0.2488659
972
0.24867536
973
0.24848436
974
0.24829465
975
0.24810505
976
0.24791577
977
0.24772719
978
0.24753895
979
0.24735095
980
0.2471632
981
0.24697633
982
0.2467897
983
0.24660327
984
0.24641754
985
0.24623203
986
0.24604678
987
0.24586159
988
0.24567732
989
0.24549349
990
0.2453098
991
0.2451264
992
0.24494345
993
0.24476087
994
0.2445789
995
0.24439734
996
0.24421607
997
0.24403517
998
0.2438545
999
0.24367431
2395.590721845627
