/home/mcgreivy/.conda/envs/jax-cpu/lib/python3.8/site-packages/jax/lib/xla_bridge.py:123: UserWarning: No GPU/TPU found, falling back to CPU.
  warnings.warn('No GPU/TPU found, falling back to CPU.')
/home/mcgreivy/.conda/envs/jax-cpu/lib/python3.8/site-packages/jax/lax/lax.py:4670: UserWarning: Explicitly requested dtype <class 'jax.numpy.lax_numpy.int64'> requested in arange is not available, and will be truncated to dtype int32. To enable more dtypes, set the jax_enable_x64 configuration option or the JAX_ENABLE_X64 shell environment variable. See https://github.com/google/jax#current-gotchas for more.
  warnings.warn(msg.format(dtype, fun_name , truncated_dtype))
0
286.6145
1
263.57846
2
252.69061
3
246.46442
4
242.65091
5
240.08698
6
238.19237
7
236.685
8
235.4239
9
234.33429
10
233.37354
11
232.51518
12
231.74199
13
231.04138
14
230.40428
15
229.82361
16
229.2935
17
228.80936
18
228.36711
19
227.96342
20
227.59514
21
227.25967
22
226.95453
23
226.67749
24
226.42651
25
226.19957
26
225.99489
27
225.81068
28
225.64545
29
225.49744
30
225.36523
31
225.24753
32
225.1429
33
225.05011
34
224.96803
35
224.89551
36
224.83162
37
224.7755
38
224.72614
39
224.68283
40
224.64493
41
224.61176
42
224.58275
43
224.55745
44
224.53534
45
224.516
46
224.4992
47
224.48454
48
224.47173
49
224.46053
50
224.45073
51
224.44223
52
224.43475
53
224.42818
54
224.42245
55
224.41739
56
224.4129
57
224.40903
58
224.40555
59
224.40247
60
224.39967
61
224.39719
62
224.39499
63
224.39302
64
224.3912
65
224.38954
66
224.38803
67
224.38667
68
224.38535
69
224.38416
70
224.38304
71
224.38194
72
224.38098
73
224.38005
74
224.37917
75
224.37828
76
224.37746
77
224.37663
78
224.37589
79
224.37512
80
224.37439
81
224.37369
82
224.37297
83
224.37227
84
224.37161
85
224.37097
86
224.37033
87
224.36967
88
224.36905
89
224.36841
90
224.3678
91
224.36722
92
224.36661
93
224.366
94
224.36542
95
224.36485
96
224.36426
97
224.36368
98
224.36311
99
224.36258
100
224.36197
101
224.36142
102
224.36086
103
224.36032
104
224.35977
105
224.35927
106
224.35869
107
224.35817
108
224.35762
109
224.35715
110
224.3566
111
224.35606
112
224.35551
113
224.35501
114
224.35448
115
224.354
116
224.35349
117
224.353
118
224.35245
119
224.35199
120
224.35147
121
224.35094
122
224.35046
123
224.34996
124
224.34952
125
224.34903
126
224.34856
127
224.34807
128
224.34763
129
224.34714
130
224.34663
131
224.34618
132
224.34569
133
224.34528
134
224.34477
135
224.3443
136
224.34387
137
224.34344
138
224.34296
139
224.34254
140
224.34207
141
224.34161
142
224.34116
143
224.34073
144
224.34027
145
224.33983
146
224.33942
147
224.33899
148
224.33856
149
224.33807
150
224.3377
151
224.33728
152
224.33685
153
224.33643
154
224.336
155
224.33559
156
224.33517
157
224.33478
158
224.33434
159
224.33394
160
224.33357
161
224.33315
162
224.33273
163
224.33234
164
224.33194
165
224.33151
166
224.33116
167
224.33075
168
224.33038
169
224.32997
170
224.32959
171
224.3292
172
224.32883
173
224.3284
174
224.32803
175
224.32767
176
224.3273
177
224.3269
178
224.32654
179
224.32614
180
224.3258
181
224.32541
182
224.32504
183
224.32466
184
224.32426
185
224.32394
186
224.32356
187
224.32321
188
224.32286
189
224.32248
190
224.32214
191
224.32175
192
224.32144
193
224.32108
194
224.32072
195
224.32036
196
224.32004
197
224.31972
198
224.31934
199
224.31902
200
224.31863
201
224.31831
202
224.31801
203
224.31769
204
224.31726
205
224.31696
206
224.31664
207
224.31631
208
224.31598
209
224.31564
210
224.31532
211
224.315
212
224.31465
213
224.31438
214
224.31401
215
224.3137
216
224.31335
217
224.31308
218
224.31274
219
224.31244
220
224.31209
221
224.31181
222
224.31146
223
224.3112
224
224.31088
225
224.31058
226
224.31024
227
224.30994
228
224.30966
229
224.30936
230
224.30902
231
224.30875
232
224.30843
233
224.3081
234
224.30785
235
224.30753
236
224.30722
237
224.30698
238
224.30667
239
224.30634
240
224.30605
241
224.30577
242
224.30551
243
224.30524
244
224.30493
245
224.30461
246
224.30434
247
224.3041
248
224.30377
249
224.30356
250
224.30325
251
224.30293
252
224.30267
253
224.3024
254
224.30215
255
224.30182
256
224.30162
257
224.30133
258
224.301
259
224.30077
260
224.30048
261
224.30023
262
224.3
263
224.29971
264
224.29945
265
224.29915
266
224.29893
267
224.29865
268
224.29839
269
224.29813
270
224.29788
271
224.2976
272
224.2973
273
224.2971
274
224.29688
275
224.29659
276
224.29634
277
224.29608
278
224.29587
279
224.2956
280
224.29532
281
224.29506
282
224.2948
283
224.29459
284
224.29434
285
224.2941
286
224.29384
287
224.29361
288
224.29338
289
224.2931
290
224.29288
291
224.29263
292
224.29242
293
224.29219
294
224.29196
295
224.29172
296
224.29146
297
224.29123
298
224.29102
299
224.29077
300
224.29054
301
224.29031
302
224.29008
303
224.28984
304
224.28961
305
224.2894
306
224.28918
307
224.28896
308
224.28873
309
224.28851
310
224.28828
311
224.28809
312
224.28783
313
224.28763
314
224.28741
315
224.28719
316
224.28697
317
224.28676
318
224.28654
319
224.2863
320
224.28607
321
224.28589
322
224.28564
323
224.28543
324
224.28523
325
224.28502
326
224.28482
327
224.2846
328
224.2844
329
224.2842
330
224.284
331
224.28378
332
224.2836
333
224.28337
334
224.28317
335
224.28296
336
224.28276
337
224.28258
338
224.28236
339
224.28215
340
224.28197
341
224.28174
342
224.28159
343
224.28139
344
224.28119
345
224.28094
346
224.28078
347
224.28061
348
224.2804
349
224.28018
350
224.28001
351
224.2798
352
224.27963
353
224.27942
354
224.27924
355
224.27902
356
224.27888
357
224.2787
358
224.27847
359
224.2783
360
224.2781
361
224.27791
362
224.27771
363
224.27754
364
224.27737
365
224.2772
366
224.27701
367
224.27684
368
224.2767
369
224.27644
370
224.27628
371
224.27608
372
224.27594
373
224.27574
374
224.27557
375
224.2754
376
224.27524
377
224.27504
378
224.27484
379
224.2747
380
224.27454
381
224.27435
382
224.27417
383
224.27397
384
224.27385
385
224.27368
386
224.27351
387
224.27333
388
224.27315
389
224.27301
390
224.27286
391
224.27267
392
224.27249
393
224.27231
394
224.27217
395
224.27199
396
224.27182
397
224.27167
398
224.2715
399
224.2713
400
224.2712
401
224.27101
402
224.27084
403
224.27069
404
224.27055
405
224.27039
406
224.27019
407
224.27005
408
224.26988
409
224.26974
410
224.26959
411
224.26944
412
224.26924
413
224.2691
414
224.26898
415
224.26886
416
224.26868
417
224.2685
418
224.26837
419
224.26823
420
224.26805
421
224.2679
422
224.26773
423
224.2676
424
224.26746
425
224.26732
426
224.26717
427
224.26704
428
224.2669
429
224.26671
430
224.26653
431
224.26642
432
224.26627
433
224.26614
434
224.26599
435
224.26584
436
224.26572
437
224.26558
438
224.26544
439
224.26527
440
224.26515
441
224.26503
442
224.26486
443
224.26474
444
224.26459
445
224.26445
446
224.26433
447
224.2642
448
224.26402
449
224.26389
450
224.26376
451
224.26361
452
224.26349
453
224.26335
454
224.26321
455
224.26309
456
224.26295
457
224.26285
458
224.26268
459
224.26257
460
224.26245
461
224.26228
462
224.26219
463
224.26204
464
224.2619
465
224.26176
466
224.26166
467
224.26152
468
224.26137
469
224.26128
470
224.26115
471
224.26103
472
224.26093
473
224.26077
474
224.2606
475
224.2605
476
224.26038
477
224.26022
478
224.2601
479
224.25996
480
224.25986
481
224.25977
482
224.25966
483
224.2595
484
224.25938
485
224.25925
486
224.25917
487
224.25903
488
224.25893
489
224.25879
490
224.2587
491
224.25854
492
224.25844
493
224.25832
494
224.25818
495
224.25807
496
224.25795
497
224.25787
498
224.25775
499
224.25766
500
224.25752
501
224.25739
502
224.25725
503
224.25713
504
224.25703
505
224.25694
506
224.25684
507
224.25671
508
224.25659
509
224.25652
510
224.2564
511
224.25629
512
224.25616
513
224.25604
514
224.25597
515
224.2558
516
224.25572
517
224.25562
518
224.2555
519
224.25539
520
224.25525
521
224.25517
522
224.25504
523
224.25494
524
224.25487
525
224.25475
526
224.25467
527
224.25453
528
224.25443
529
224.25433
530
224.25418
531
224.25409
532
224.25397
533
224.25388
534
224.2538
535
224.25372
536
224.2536
537
224.25354
538
224.25339
539
224.25327
540
224.2532
541
224.2531
542
224.25294
543
224.25287
544
224.2528
545
224.25266
546
224.2526
547
224.25246
548
224.25238
549
224.25232
550
224.2522
551
224.2521
552
224.252
553
224.25189
554
224.25183
555
224.25171
556
224.25163
557
224.25153
558
224.25142
559
224.25133
560
224.25127
561
224.25113
562
224.25104
563
224.25098
564
224.25085
565
224.2508
566
224.25069
567
224.25056
568
224.25046
569
224.25037
570
224.2503
571
224.25021
572
224.25012
573
224.25002
574
224.24994
575
224.24988
576
224.24979
577
224.2497
578
224.24959
579
224.24945
580
224.2494
581
224.24933
582
224.24922
583
224.24916
584
224.24904
585
224.24896
586
224.24889
587
224.24878
588
224.24872
589
224.24861
590
224.24852
591
224.24844
592
224.24835
593
224.24828
594
224.24815
595
224.24808
596
224.24803
597
224.24794
598
224.24786
599
224.24777
600
224.24768
601
224.24759
602
224.2475
603
224.24744
604
224.24736
605
224.24728
606
224.24718
607
224.24712
608
224.24701
609
224.24695
610
224.24683
611
224.24678
612
224.24669
613
224.2466
614
224.24658
615
224.24648
616
224.24637
617
224.24628
618
224.24619
619
224.24614
620
224.24606
621
224.246
622
224.24591
623
224.24586
624
224.24579
625
224.24567
626
224.24559
627
224.24553
628
224.24542
629
224.24536
630
224.2453
631
224.24522
632
224.24512
633
224.24506
634
224.24498
635
224.24495
636
224.24487
637
224.24481
638
224.2447
639
224.2446
640
224.24457
641
224.24449
642
224.24442
643
224.24434
644
224.24425
645
224.24422
646
224.24414
647
224.24406
648
224.24399
649
224.24393
650
224.2438
651
224.24374
652
224.24364
653
224.24362
654
224.24352
655
224.24347
656
224.24344
657
224.24336
658
224.2433
659
224.24318
660
224.24312
661
224.24306
662
224.24298
663
224.24294
664
224.24283
665
224.24278
666
224.24274
667
224.24266
668
224.24258
669
224.24254
670
224.24246
671
224.24239
672
224.24231
673
224.24226
674
224.24219
675
224.24213
676
224.24203
677
224.24194
678
224.24188
679
224.24184
680
224.2418
681
224.24173
682
224.24168
683
224.24162
684
224.24153
685
224.24147
686
224.2414
687
224.24133
688
224.24126
689
224.24121
690
224.24118
691
224.2411
692
224.24106
693
224.24097
694
224.24094
695
224.24086
696
224.24074
697
224.24072
698
224.24066
699
224.24062
700
224.24057
701
224.24046
702
224.24043
703
224.24033
704
224.2403
705
224.24025
706
224.24017
707
224.24008
708
224.24005
709
224.23997
710
224.23993
711
224.23991
712
224.23984
713
224.23978
714
224.2397
715
224.23965
716
224.2396
717
224.23953
718
224.23947
719
224.23941
720
224.23935
721
224.23927
722
224.23923
723
224.23917
724
224.23914
725
224.23912
726
224.23901
727
224.23897
728
224.2389
729
224.23885
730
224.2388
731
224.23874
732
224.23868
733
224.23863
734
224.23859
735
224.23854
736
224.23845
737
224.2384
738
224.23839
739
224.23834
740
224.23824
741
224.23819
742
224.23811
743
224.2381
744
224.23804
745
224.23798
746
224.23792
747
224.23788
748
224.23781
749
224.2378
750
224.23776
751
224.23772
752
224.23761
753
224.23753
754
224.23749
755
224.23746
756
224.2374
757
224.23734
758
224.2373
759
224.23724
760
224.23721
761
224.23715
762
224.23709
763
224.23705
764
224.237
765
224.23697
766
224.23692
767
224.23688
768
224.23683
769
224.23672
770
224.2367
771
224.23663
772
224.23662
773
224.23654
774
224.23651
775
224.23645
776
224.23643
777
224.23642
778
224.23631
779
224.2363
780
224.23619
781
224.23618
782
224.23613
783
224.23605
784
224.236
785
224.23596
786
224.23595
787
224.2359
788
224.23587
789
224.23582
790
224.2358
791
224.2357
792
224.23564
793
224.23563
794
224.23558
795
224.23547
796
224.23543
797
224.23543
798
224.23538
799
224.23535
800
224.23529
801
224.23526
802
224.23523
803
224.23515
804
224.23514
805
224.23506
806
224.23502
807
224.23499
808
224.23499
809
224.23486
810
224.23486
811
224.23482
812
224.23477
813
224.23471
814
224.23471
815
224.23465
816
224.23459
817
224.23453
818
224.23453
819
224.23444
820
224.23444
821
224.2344
822
224.23438
823
224.23431
824
224.2342
825
224.2342
826
224.23416
827
224.23415
828
224.23409
829
224.23405
830
224.23401
831
224.23393
832
224.23392
833
224.23389
834
224.23386
835
224.2338
836
224.23378
837
224.23376
838
224.23369
839
224.23364
840
224.2336
841
224.23355
842
224.23354
843
224.2335
844
224.23344
845
224.23338
846
224.23335
847
224.23334
848
224.23328
849
224.23325
850
224.23322
851
224.23322
852
224.23314
853
224.23311
854
224.23303
855
224.23303
856
224.233
857
224.23296
858
224.23291
859
224.23285
860
224.23282
861
224.23279
862
224.23279
863
224.23273
864
224.23271
865
224.23268
866
224.23264
867
224.23259
868
224.23251
869
224.23251
870
224.23248
871
224.23239
872
224.23236
873
224.23235
874
224.2323
875
224.23227
876
224.23224
877
224.23221
878
224.23218
879
224.23215
880
224.23212
881
224.23209
882
224.23206
883
224.23201
884
224.23193
885
224.23189
886
224.2319
887
224.23184
888
224.23181
889
224.2318
890
224.23178
891
224.23174
892
224.23169
893
224.23164
894
224.23164
895
224.23163
896
224.23158
897
224.23154
898
224.23148
899
224.23143
900
224.23141
901
224.2314
902
224.23137
903
224.2313
904
224.2313
905
224.23126
906
224.23122
907
224.23119
908
224.23116
909
224.23112
910
224.2311
911
224.23108
912
224.23102
913
224.23102
914
224.23097
915
224.23094
916
224.2309
917
224.23087
918
224.23082
919
224.23079
920
224.23077
921
224.23071
922
224.23068
923
224.23067
924
224.23067
925
224.23062
926
224.23062
927
224.23056
928
224.23053
929
224.23051
930
224.23047
931
224.23045
932
224.23036
933
224.23033
934
224.23032
935
224.2303
936
224.23027
937
224.23026
938
224.23022
939
224.2302
940
224.23016
941
224.23013
942
224.23012
943
224.23007
944
224.23009
945
224.23006
946
224.23001
947
224.22998
948
224.22995
949
224.2299
950
224.22987
951
224.22983
952
224.2298
953
224.2298
954
224.22974
955
224.22972
956
224.22969
957
224.22969
958
224.22966
959
224.22963
960
224.22958
961
224.22955
962
224.22955
963
224.22954
964
224.2295
965
224.22946
966
224.22945
967
224.22943
968
224.22935
969
224.22934
970
224.22932
971
224.22928
972
224.22923
973
224.22923
974
224.22922
975
224.22917
976
224.22911
977
224.22913
978
224.22911
979
224.2291
980
224.22908
981
224.22903
982
224.22897
983
224.22897
984
224.22897
985
224.22896
986
224.22891
987
224.22887
988
224.22882
989
224.22878
990
224.22876
991
224.22873
992
224.22871
993
224.22867
994
224.22868
995
224.22864
996
224.22864
997
224.22864
998
224.2286
999
224.22859
5046.9892637729645
