/home/mcgreivy/.conda/envs/jax-cpu/lib/python3.8/site-packages/jax/lib/xla_bridge.py:123: UserWarning: No GPU/TPU found, falling back to CPU.
  warnings.warn('No GPU/TPU found, falling back to CPU.')
/home/mcgreivy/.conda/envs/jax-cpu/lib/python3.8/site-packages/jax/lax/lax.py:4670: UserWarning: Explicitly requested dtype <class 'jax.numpy.lax_numpy.int64'> requested in arange is not available, and will be truncated to dtype int32. To enable more dtypes, set the jax_enable_x64 configuration option or the JAX_ENABLE_X64 shell environment variable. See https://github.com/google/jax#current-gotchas for more.
  warnings.warn(msg.format(dtype, fun_name , truncated_dtype))
0
288.26227
1
260.73087
2
250.58334
3
245.48976
4
242.38394
5
240.18921
6
238.47859
7
237.06287
8
235.84836
9
234.78351
10
233.83702
11
232.98811
12
232.22226
13
231.5286
14
230.89853
15
230.3254
16
229.8034
17
229.32784
18
228.89459
19
228.50018
20
228.14136
21
227.81528
22
227.51938
23
227.25131
24
227.00897
25
226.79024
26
226.59317
27
226.41614
28
226.2574
29
226.11537
30
225.98859
31
225.87569
32
225.77528
33
225.68628
34
225.60748
35
225.53784
36
225.47647
37
225.42241
38
225.37485
39
225.33313
40
225.29654
41
225.26448
42
225.23643
43
225.21196
44
225.19054
45
225.17181
46
225.15549
47
225.14124
48
225.12883
49
225.11795
50
225.10844
51
225.10016
52
225.0929
53
225.08655
54
225.08098
55
225.07608
56
225.0718
57
225.06798
58
225.0646
59
225.0616
60
225.05899
61
225.05656
62
225.05446
63
225.05252
64
225.05083
65
225.04926
66
225.0478
67
225.04648
68
225.04524
69
225.04413
70
225.04312
71
225.04208
72
225.0412
73
225.04028
74
225.03941
75
225.03864
76
225.03786
77
225.03706
78
225.03635
79
225.03568
80
225.03497
81
225.03433
82
225.03368
83
225.033
84
225.0324
85
225.0318
86
225.03116
87
225.03056
88
225.02994
89
225.02939
90
225.02881
91
225.02823
92
225.02763
93
225.02707
94
225.02649
95
225.02596
96
225.02536
97
225.02483
98
225.02428
99
225.02377
100
225.02322
101
225.02263
102
225.0221
103
225.02162
104
225.02109
105
225.02054
106
225.02
107
225.01947
108
225.01895
109
225.01845
110
225.0179
111
225.01744
112
225.01692
113
225.01639
114
225.0159
115
225.01537
116
225.01488
117
225.01437
118
225.01389
119
225.0134
120
225.01288
121
225.01239
122
225.0119
123
225.01143
124
225.01096
125
225.01047
126
225.00993
127
225.00949
128
225.00902
129
225.00854
130
225.00804
131
225.00758
132
225.00713
133
225.00665
134
225.0062
135
225.0057
136
225.00526
137
225.00479
138
225.00432
139
225.00388
140
225.00343
141
225.00298
142
225.0025
143
225.00208
144
225.0016
145
225.0012
146
225.00072
147
225.00029
148
224.9999
149
224.9994
150
224.999
151
224.99855
152
224.99808
153
224.99767
154
224.99724
155
224.9968
156
224.9964
157
224.99594
158
224.99553
159
224.99512
160
224.99469
161
224.99426
162
224.9938
163
224.99344
164
224.99304
165
224.99261
166
224.99223
167
224.99179
168
224.99136
169
224.99098
170
224.99057
171
224.99014
172
224.98976
173
224.98933
174
224.98895
175
224.98857
176
224.98816
177
224.9878
178
224.98744
179
224.98701
180
224.98662
181
224.9862
182
224.98586
183
224.98543
184
224.98508
185
224.9847
186
224.98427
187
224.98392
188
224.98352
189
224.98317
190
224.98279
191
224.98242
192
224.98204
193
224.98166
194
224.98131
195
224.98093
196
224.98055
197
224.9802
198
224.97981
199
224.97948
200
224.97908
201
224.97873
202
224.9784
203
224.97803
204
224.97766
205
224.97731
206
224.97694
207
224.97664
208
224.97623
209
224.97594
210
224.97552
211
224.97522
212
224.9749
213
224.97447
214
224.9742
215
224.97382
216
224.9735
217
224.97318
218
224.97278
219
224.97247
220
224.97217
221
224.97179
222
224.97147
223
224.9711
224
224.97083
225
224.97049
226
224.97011
227
224.9698
228
224.96951
229
224.96915
230
224.96886
231
224.96849
232
224.96822
233
224.96786
234
224.96758
235
224.96721
236
224.96689
237
224.96657
238
224.96622
239
224.96593
240
224.96562
241
224.96532
242
224.965
243
224.96468
244
224.9644
245
224.96407
246
224.9638
247
224.96346
248
224.96315
249
224.96283
250
224.96257
251
224.96227
252
224.96196
253
224.96164
254
224.96136
255
224.96103
256
224.96078
257
224.96048
258
224.96014
259
224.95987
260
224.9596
261
224.95932
262
224.95903
263
224.95877
264
224.95842
265
224.95816
266
224.95787
267
224.9576
268
224.95728
269
224.957
270
224.95676
271
224.95644
272
224.95615
273
224.95587
274
224.95563
275
224.95535
276
224.95503
277
224.95477
278
224.95448
279
224.95424
280
224.95398
281
224.9537
282
224.95343
283
224.95314
284
224.95288
285
224.9526
286
224.95232
287
224.95209
288
224.95183
289
224.95157
290
224.9513
291
224.95102
292
224.95074
293
224.9505
294
224.95023
295
224.94998
296
224.94974
297
224.94943
298
224.94922
299
224.94899
300
224.94872
301
224.94846
302
224.94817
303
224.94795
304
224.94771
305
224.94743
306
224.9472
307
224.94696
308
224.94672
309
224.94646
310
224.94618
311
224.94594
312
224.94572
313
224.9455
314
224.94524
315
224.94499
316
224.94476
317
224.9445
318
224.94424
319
224.94402
320
224.94377
321
224.94356
322
224.9433
323
224.94308
324
224.94283
325
224.9426
326
224.94238
327
224.94214
328
224.94193
329
224.94168
330
224.94144
331
224.94121
332
224.941
333
224.94078
334
224.94055
335
224.94034
336
224.9401
337
224.93987
338
224.9396
339
224.93944
340
224.9392
341
224.93898
342
224.93875
343
224.93854
344
224.93831
345
224.93808
346
224.93787
347
224.9377
348
224.93745
349
224.93723
350
224.93704
351
224.93678
352
224.93661
353
224.93637
354
224.93617
355
224.93594
356
224.93573
357
224.93552
358
224.93532
359
224.93509
360
224.93488
361
224.9347
362
224.93451
363
224.9343
364
224.9341
365
224.93385
366
224.93369
367
224.93349
368
224.93324
369
224.93306
370
224.93285
371
224.93265
372
224.93245
373
224.93227
374
224.93205
375
224.93184
376
224.93166
377
224.93147
378
224.93127
379
224.9311
380
224.93088
381
224.93073
382
224.93051
383
224.93034
384
224.93011
385
224.92996
386
224.92973
387
224.9295
388
224.92934
389
224.92918
390
224.929
391
224.92879
392
224.92859
393
224.92839
394
224.92825
395
224.92809
396
224.92787
397
224.92766
398
224.92747
399
224.92732
400
224.92711
401
224.92694
402
224.92677
403
224.92657
404
224.92638
405
224.92622
406
224.92604
407
224.92589
408
224.92567
409
224.9255
410
224.92535
411
224.92517
412
224.925
413
224.9248
414
224.92467
415
224.92447
416
224.92432
417
224.92413
418
224.92397
419
224.9238
420
224.9236
421
224.92343
422
224.92328
423
224.92305
424
224.92296
425
224.92278
426
224.92258
427
224.92244
428
224.92227
429
224.92209
430
224.92192
431
224.92178
432
224.9216
433
224.92145
434
224.9213
435
224.92108
436
224.92094
437
224.9208
438
224.92062
439
224.92046
440
224.9203
441
224.92012
442
224.91997
443
224.91982
444
224.91966
445
224.91951
446
224.91934
447
224.9192
448
224.91904
449
224.91888
450
224.91873
451
224.91856
452
224.91843
453
224.91824
454
224.91809
455
224.91797
456
224.9178
457
224.91771
458
224.91753
459
224.91736
460
224.9172
461
224.91705
462
224.91693
463
224.91676
464
224.9166
465
224.91647
466
224.91634
467
224.9162
468
224.91599
469
224.9159
470
224.91576
471
224.9156
472
224.9155
473
224.91531
474
224.91516
475
224.91504
476
224.91489
477
224.91476
478
224.91458
479
224.91446
480
224.91434
481
224.91415
482
224.91403
483
224.91386
484
224.91377
485
224.91362
486
224.91351
487
224.91336
488
224.91321
489
224.91309
490
224.91296
491
224.91281
492
224.91269
493
224.9125
494
224.91238
495
224.91223
496
224.91211
497
224.91199
498
224.91185
499
224.91173
500
224.9116
501
224.91148
502
224.91135
503
224.91116
504
224.91106
505
224.91096
506
224.9108
507
224.91069
508
224.91055
509
224.91043
510
224.9103
511
224.91019
512
224.91005
513
224.9099
514
224.90979
515
224.90971
516
224.90955
517
224.90942
518
224.90929
519
224.90916
520
224.90904
521
224.90894
522
224.90878
523
224.9087
524
224.90858
525
224.90842
526
224.90834
527
224.90816
528
224.90808
529
224.90793
530
224.90784
531
224.90771
532
224.9076
533
224.90747
534
224.90736
535
224.90723
536
224.90712
537
224.90698
538
224.90688
539
224.90677
540
224.90665
541
224.90651
542
224.90643
543
224.9063
544
224.90617
545
224.9061
546
224.90594
547
224.90585
548
224.90575
549
224.90562
550
224.90549
551
224.90538
552
224.90527
553
224.90515
554
224.90506
555
224.90495
556
224.90482
557
224.90471
558
224.90459
559
224.90451
560
224.90439
561
224.90427
562
224.90417
563
224.9041
564
224.90396
565
224.90385
566
224.90378
567
224.90364
568
224.90355
569
224.90347
570
224.90332
571
224.90317
572
224.90309
573
224.90298
574
224.9029
575
224.9028
576
224.90268
577
224.90259
578
224.9025
579
224.90237
580
224.9023
581
224.9022
582
224.9021
583
224.90196
584
224.9019
585
224.9018
586
224.90169
587
224.90157
588
224.90147
589
224.90137
590
224.90125
591
224.90117
592
224.90105
593
224.901
594
224.90085
595
224.90076
596
224.90073
597
224.9006
598
224.9005
599
224.90039
600
224.90031
601
224.90019
602
224.90005
603
224.9
604
224.8999
605
224.89981
606
224.89967
607
224.8996
608
224.89954
609
224.89943
610
224.89937
611
224.89925
612
224.89915
613
224.8991
614
224.89896
615
224.8989
616
224.89877
617
224.89871
618
224.8986
619
224.8985
620
224.89842
621
224.89835
622
224.89824
623
224.89816
624
224.89806
625
224.89798
626
224.8979
627
224.89781
628
224.8977
629
224.89761
630
224.89755
631
224.89745
632
224.89735
633
224.89731
634
224.89719
635
224.89711
636
224.89703
637
224.89696
638
224.89682
639
224.89676
640
224.89664
641
224.89656
642
224.89651
643
224.89641
644
224.89635
645
224.89624
646
224.89615
647
224.89609
648
224.896
649
224.89587
650
224.89581
651
224.89578
652
224.89566
653
224.89557
654
224.89551
655
224.89543
656
224.89534
657
224.89531
658
224.89517
659
224.89507
660
224.895
661
224.89496
662
224.89487
663
224.89478
664
224.89464
665
224.8946
666
224.89456
667
224.89444
668
224.8944
669
224.89429
670
224.89423
671
224.89413
672
224.89406
673
224.894
674
224.8939
675
224.89383
676
224.89377
677
224.89368
678
224.89359
679
224.89355
680
224.89351
681
224.89334
682
224.89328
683
224.89322
684
224.89319
685
224.8931
686
224.89305
687
224.89288
688
224.89285
689
224.89278
690
224.89268
691
224.89268
692
224.89258
693
224.89249
694
224.89241
695
224.89238
696
224.89229
697
224.89217
698
224.89212
699
224.89204
700
224.89195
701
224.8919
702
224.89185
703
224.89178
704
224.89172
705
224.89162
706
224.89154
707
224.89151
708
224.89137
709
224.89131
710
224.89128
711
224.8912
712
224.89114
713
224.8911
714
224.89102
715
224.89093
716
224.8909
717
224.8908
718
224.89075
719
224.89069
720
224.89056
721
224.89053
722
224.89047
723
224.89043
724
224.89034
725
224.8903
726
224.89023
727
224.89018
728
224.89008
729
224.89003
730
224.88995
731
224.8899
732
224.88979
733
224.88974
734
224.8897
735
224.88965
736
224.88954
737
224.88951
738
224.88943
739
224.88937
740
224.8893
741
224.88925
742
224.88919
743
224.88911
744
224.88907
745
224.889
746
224.88892
747
224.88889
748
224.88885
749
224.88869
750
224.8887
751
224.88861
752
224.88858
753
224.88847
754
224.88846
755
224.88837
756
224.88834
757
224.88826
758
224.88823
759
224.88818
760
224.88809
761
224.88803
762
224.88795
763
224.88788
764
224.88786
765
224.88782
766
224.88771
767
224.88768
768
224.8876
769
224.8876
770
224.8875
771
224.88745
772
224.88737
773
224.8873
774
224.88724
775
224.88724
776
224.88715
777
224.88708
778
224.88707
779
224.887
780
224.88692
781
224.88686
782
224.88683
783
224.88672
784
224.88672
785
224.88669
786
224.88661
787
224.88654
788
224.8865
789
224.88646
790
224.8864
791
224.88632
792
224.88628
793
224.8862
794
224.88615
795
224.88612
796
224.88608
797
224.886
798
224.88597
799
224.88593
800
224.88586
801
224.8858
802
224.88574
803
224.88565
804
224.8856
805
224.88554
806
224.88553
807
224.8855
808
224.88542
809
224.88539
810
224.88531
811
224.88527
812
224.88522
813
224.88516
814
224.88513
815
224.88506
816
224.88501
817
224.88495
818
224.8849
819
224.88489
820
224.88484
821
224.8848
822
224.88475
823
224.88464
824
224.88463
825
224.88455
826
224.88454
827
224.88448
828
224.88448
829
224.88435
830
224.8843
831
224.88425
832
224.88422
833
224.88422
834
224.88414
835
224.88406
836
224.88403
837
224.884
838
224.88394
839
224.88396
840
224.88387
841
224.88379
842
224.88374
843
224.8837
844
224.88364
845
224.88358
846
224.88354
847
224.88356
848
224.88348
849
224.88344
850
224.88336
851
224.88335
852
224.88333
853
224.88329
854
224.88318
855
224.88313
856
224.8831
857
224.88306
858
224.88304
859
224.88298
860
224.88292
861
224.88287
862
224.88287
863
224.88281
864
224.88277
865
224.88272
866
224.88269
867
224.88263
868
224.88257
869
224.88252
870
224.8825
871
224.88246
872
224.88245
873
224.88237
874
224.88235
875
224.88232
876
224.88223
877
224.8822
878
224.88214
879
224.8821
880
224.88203
881
224.88202
882
224.88202
883
224.88191
884
224.88191
885
224.8819
886
224.88185
887
224.88176
888
224.88174
889
224.88173
890
224.88167
891
224.8816
892
224.88159
893
224.88155
894
224.88152
895
224.8815
896
224.88141
897
224.88136
898
224.88135
899
224.88129
900
224.8813
901
224.88123
902
224.8812
903
224.88116
904
224.8811
905
224.88104
906
224.88101
907
224.88095
908
224.88095
909
224.8809
910
224.88092
911
224.88081
912
224.8808
913
224.88078
914
224.8807
915
224.88065
916
224.88065
917
224.88062
918
224.88055
919
224.88052
920
224.88046
921
224.88045
922
224.88045
923
224.88036
924
224.88037
925
224.88031
926
224.88028
927
224.88022
928
224.8802
929
224.88013
930
224.8801
931
224.88007
932
224.88004
933
224.88004
934
224.87996
935
224.87994
936
224.87988
937
224.87987
938
224.87984
939
224.87979
940
224.87978
941
224.87971
942
224.87967
943
224.87964
944
224.87958
945
224.87955
946
224.87956
947
224.87956
948
224.87949
949
224.87946
950
224.87938
951
224.87935
952
224.87935
953
224.8793
954
224.87927
955
224.87924
956
224.87921
957
224.87921
958
224.87917
959
224.87912
960
224.87904
961
224.87906
962
224.87898
963
224.87897
964
224.87894
965
224.87892
966
224.87888
967
224.87883
968
224.87877
969
224.87877
970
224.87874
971
224.87874
972
224.87871
973
224.8786
974
224.8786
975
224.87859
976
224.87856
977
224.87851
978
224.8785
979
224.87845
980
224.87843
981
224.8784
982
224.87839
983
224.87833
984
224.87827
985
224.87823
986
224.8782
987
224.8782
988
224.87817
989
224.87816
990
224.87811
991
224.8781
992
224.8781
993
224.87804
994
224.878
995
224.87796
996
224.87794
997
224.87796
998
224.87787
999
224.87784
3987.7177062034607
