/home/mcgreivy/.conda/envs/jax-cpu/lib/python3.8/site-packages/jax/lib/xla_bridge.py:123: UserWarning: No GPU/TPU found, falling back to CPU.
  warnings.warn('No GPU/TPU found, falling back to CPU.')
/home/mcgreivy/.conda/envs/jax-cpu/lib/python3.8/site-packages/jax/lax/lax.py:4670: UserWarning: Explicitly requested dtype <class 'jax.numpy.lax_numpy.int64'> requested in arange is not available, and will be truncated to dtype int32. To enable more dtypes, set the jax_enable_x64 configuration option or the JAX_ENABLE_X64 shell environment variable. See https://github.com/google/jax#current-gotchas for more.
  warnings.warn(msg.format(dtype, fun_name , truncated_dtype))
0
67.43372
1
42.243774
2
29.783697
3
22.417034
4
17.933863
5
15.076522
6
13.1391325
7
11.742721
8
10.682867
9
9.8450575
10
9.161725
11
8.590753
12
8.1045065
13
7.684032
14
7.3158073
15
6.9899015
16
6.698841
17
6.4368496
18
6.199416
19
5.982924
20
5.784459
21
5.6016655
22
5.432559
23
5.275508
24
5.1291347
25
4.9922814
26
4.8639336
27
4.7432513
28
4.6294837
29
4.5219946
30
4.4202156
31
4.3236556
32
4.2318864
33
4.1445065
34
4.0611835
35
3.9816098
36
3.9055088
37
3.8326306
38
3.7627635
39
3.695689
40
3.631242
41
3.569236
42
3.5095344
43
3.4519997
44
3.3964925
45
3.3428998
46
3.2911282
47
3.2410593
48
3.1926193
49
3.145704
50
3.10025
51
3.0561855
52
3.0134315
53
2.9719296
54
2.9316237
55
2.8924549
56
2.854379
57
2.817338
58
2.7812922
59
2.7461932
60
2.7120085
61
2.6787007
62
2.6462271
63
2.6145604
64
2.5836647
65
2.553518
66
2.5240848
67
2.495337
68
2.4672518
69
2.43981
70
2.4129808
71
2.3867497
72
2.361087
73
2.335982
74
2.3114135
75
2.2873602
76
2.263809
77
2.240743
78
2.2181468
79
2.1960056
80
2.1743014
81
2.153025
82
2.1321633
83
2.1117036
84
2.0916286
85
2.0719385
86
2.0526123
87
2.0336413
88
2.0150197
89
1.9967306
90
1.9787716
91
1.9611301
92
1.9438006
93
1.9267703
94
1.910038
95
1.8935866
96
1.8774174
97
1.8615113
98
1.8458797
99
1.8305037
100
1.8153774
101
1.800493
102
1.7858515
103
1.7714374
104
1.7572583
105
1.7433
106
1.7295593
107
1.7160256
108
1.7027013
109
1.6895815
110
1.6766553
111
1.6639242
112
1.6513826
113
1.6390244
114
1.6268467
115
1.6148485
116
1.6030216
117
1.591361
118
1.5798701
119
1.5685364
120
1.5573635
121
1.5463434
122
1.5354795
123
1.5247651
124
1.5141913
125
1.5037599
126
1.4934732
127
1.4833269
128
1.4733063
129
1.4634203
130
1.4536631
131
1.4440336
132
1.4345303
133
1.4251449
134
1.415882
135
1.4067346
136
1.3977026
137
1.3887786
138
1.3799757
139
1.3712779
140
1.362686
141
1.354196
142
1.3458111
143
1.3375307
144
1.3293428
145
1.3212565
146
1.3132663
147
1.3053685
148
1.2975636
149
1.28985
150
1.2822282
151
1.2746893
152
1.2672408
153
1.2598727
154
1.2525923
155
1.2453929
156
1.2382712
157
1.2312335
158
1.2242715
159
1.2173841
160
1.2105762
161
1.20384
162
1.1971769
163
1.1905849
164
1.1840668
165
1.1776178
166
1.1712352
167
1.1649185
168
1.1586726
169
1.152487
170
1.146372
171
1.1403148
172
1.1343235
173
1.1283926
174
1.1225199
175
1.1167104
176
1.1109579
177
1.105266
178
1.0996281
179
1.0940483
180
1.0885205
181
1.0830506
182
1.0776327
183
1.0722686
184
1.066957
185
1.0616957
186
1.0564872
187
1.0513265
188
1.0462159
189
1.0411563
190
1.0361397
191
1.0311748
192
1.0262566
193
1.0213825
194
1.0165538
195
1.0117687
196
1.0070299
197
1.002336
198
0.9976832
199
0.99307185
200
0.9885026
201
0.9839751
202
0.97948915
203
0.9750427
204
0.97063625
205
0.96627
206
0.9619419
207
0.95765233
208
0.95339626
209
0.9491815
210
0.94500494
211
0.9408609
212
0.9367537
213
0.9326844
214
0.92864877
215
0.9246452
216
0.92067736
217
0.9167445
218
0.9128426
219
0.9089755
220
0.90513945
221
0.90133554
222
0.8975633
223
0.8938226
224
0.89011216
225
0.8864338
226
0.8827863
227
0.87916577
228
0.8755777
229
0.87201536
230
0.8684856
231
0.86498195
232
0.86150473
233
0.85806113
234
0.85463846
235
0.85124636
236
0.8478793
237
0.84454006
238
0.8412275
239
0.8379414
240
0.8346776
241
0.8314433
242
0.8282314
243
0.82504547
244
0.8218833
245
0.8187474
246
0.8156328
247
0.81254196
248
0.80947685
249
0.80643284
250
0.80341333
251
0.80041736
252
0.7974412
253
0.794489
254
0.79155946
255
0.7886499
256
0.78576356
257
0.7828986
258
0.780053
259
0.77722794
260
0.77442604
261
0.7716418
262
0.76887894
263
0.7661382
264
0.7634127
265
0.76070994
266
0.7580254
267
0.75535995
268
0.752716
269
0.75008863
270
0.7474815
271
0.7448907
272
0.7423196
273
0.73976547
274
0.73722994
275
0.7347126
276
0.7322124
277
0.7297282
278
0.72726274
279
0.7248155
280
0.7223843
281
0.71996635
282
0.7175684
283
0.71518666
284
0.7128211
285
0.710469
286
0.7081329
287
0.70581526
288
0.703515
289
0.7012278
290
0.6989544
291
0.69669694
292
0.6944571
293
0.6922296
294
0.6900178
295
0.68781793
296
0.68563634
297
0.6834673
298
0.68131196
299
0.6791727
300
0.6770447
301
0.67493373
302
0.67283344
303
0.6707467
304
0.66867507
305
0.6666155
306
0.66457057
307
0.6625378
308
0.6605169
309
0.65851027
310
0.6565173
311
0.6545323
312
0.6525661
313
0.6506076
314
0.6486644
315
0.646732
316
0.64481103
317
0.6429015
318
0.64100575
319
0.63911986
320
0.637248
321
0.6353856
322
0.6335372
323
0.6316968
324
0.6298706
325
0.6280531
326
0.62624776
327
0.62445337
328
0.6226703
329
0.62089664
330
0.6191329
331
0.61738163
332
0.6156401
333
0.6139097
334
0.61219054
335
0.6104793
336
0.60878026
337
0.6070898
338
0.6054105
339
0.6037403
340
0.60207903
341
0.6004278
342
0.5987869
343
0.5971544
344
0.5955323
345
0.59392303
346
0.5923189
347
0.5907249
348
0.58913976
349
0.5875647
350
0.5859988
351
0.5844385
352
0.5828891
353
0.5813511
354
0.5798192
355
0.5782968
356
0.5767832
357
0.5752773
358
0.57377857
359
0.57229024
360
0.57081103
361
0.56933796
362
0.5678755
363
0.566419
364
0.5649725
365
0.56353456
366
0.56210107
367
0.5606786
368
0.55926096
369
0.5578545
370
0.5564532
371
0.55505925
372
0.55367434
373
0.5522968
374
0.5509263
375
0.5495639
376
0.5482081
377
0.5468598
378
0.5455179
379
0.54418576
380
0.54285973
381
0.5415388
382
0.5402277
383
0.53892016
384
0.53762186
385
0.53633
386
0.53504556
387
0.53376746
388
0.5324967
389
0.53123033
390
0.52997273
391
0.5287207
392
0.52747625
393
0.52623785
394
0.5250057
395
0.5237789
396
0.52255905
397
0.5213466
398
0.5201392
399
0.51893866
400
0.5177441
401
0.5165554
402
0.5153718
403
0.5141958
404
0.51302594
405
0.5118603
406
0.510702
407
0.5095503
408
0.508403
409
0.5072603
410
0.50612473
411
0.5049945
412
0.5038702
413
0.5027514
414
0.50163853
415
0.5005313
416
0.49942917
417
0.4983322
418
0.49724153
419
0.49615484
420
0.49507457
421
0.49399835
422
0.4929285
423
0.4918643
424
0.49080428
425
0.48975018
426
0.48869973
427
0.4876554
428
0.48661697
429
0.48558244
430
0.4845525
431
0.48352712
432
0.48250717
433
0.48149353
434
0.4804834
435
0.4794782
436
0.47847787
437
0.4774822
438
0.4764911
439
0.475506
440
0.47452402
441
0.47354752
442
0.47257534
443
0.4716075
444
0.47064406
445
0.46968532
446
0.4687321
447
0.46778062
448
0.46683377
449
0.465894
450
0.46495664
451
0.46402544
452
0.4630972
453
0.46217078
454
0.461252
455
0.46033642
456
0.45942515
457
0.45851922
458
0.45761573
459
0.45671666
460
0.4558205
461
0.4549303
462
0.45404306
463
0.45315993
464
0.45228
465
0.45140642
466
0.450535
467
0.449667
468
0.44880354
469
0.44794387
470
0.44708845
471
0.44623646
472
0.44538847
473
0.44454378
474
0.4437021
475
0.44286674
476
0.4420328
477
0.44120225
478
0.44037694
479
0.4395541
480
0.43873504
481
0.43792048
482
0.4371081
483
0.4363
484
0.43549356
485
0.43469164
486
0.4338947
487
0.4331
488
0.43230897
489
0.43152103
490
0.43073764
491
0.4299553
492
0.4291786
493
0.42840415
494
0.42763364
495
0.42686278
496
0.42609966
497
0.42533702
498
0.4245794
499
0.4238245
500
0.4230725
501
0.4223243
502
0.4215785
503
0.42083538
504
0.42009702
505
0.41935918
506
0.41862503
507
0.41789547
508
0.417168
509
0.41644478
510
0.41572398
511
0.41500506
512
0.41428947
513
0.41357702
514
0.41286692
515
0.41216034
516
0.4114565
517
0.41075665
518
0.4100572
519
0.4093619
520
0.40866986
521
0.40798095
522
0.40729257
523
0.4066092
524
0.4059275
525
0.40524775
526
0.4045723
527
0.40389916
528
0.40322807
529
0.40255964
530
0.40189403
531
0.40123147
532
0.40057045
533
0.39991423
534
0.39926067
535
0.39860648
536
0.39795536
537
0.39730796
538
0.39666536
539
0.39602292
540
0.39538243
541
0.39474478
542
0.3941113
543
0.39347914
544
0.39284888
545
0.3922215
546
0.39159614
547
0.39097333
548
0.39035374
549
0.3897345
550
0.38911897
551
0.38850558
552
0.387895
553
0.38728717
554
0.3866808
555
0.38607728
556
0.38547465
557
0.3848757
558
0.38427848
559
0.38368404
560
0.38309148
561
0.3825009
562
0.38191223
563
0.38132596
564
0.3807429
565
0.3801605
566
0.37958258
567
0.37900335
568
0.37842864
569
0.37785602
570
0.37728554
571
0.37671655
572
0.37614954
573
0.3755849
574
0.37502325
575
0.37446168
576
0.3739036
577
0.37334672
578
0.37279212
579
0.37224054
580
0.37168956
581
0.3711418
582
0.37059414
583
0.3700502
584
0.36950833
585
0.36896765
586
0.36842802
587
0.36789185
588
0.36735785
589
0.36682358
590
0.3662936
591
0.3657643
592
0.36523736
593
0.36471182
594
0.36418918
595
0.36366698
596
0.36314762
597
0.3626284
598
0.36211228
599
0.36159807
600
0.36108643
601
0.36057594
602
0.36006555
603
0.35955977
604
0.35905334
605
0.35855055
606
0.35804847
607
0.35754868
608
0.35704994
609
0.3565536
610
0.35605925
611
0.35556597
612
0.35507262
613
0.35458314
614
0.35409683
615
0.3536092
616
0.35312435
617
0.3526414
618
0.3521594
619
0.35168076
620
0.35120296
621
0.35072654
622
0.35025007
623
0.34977683
624
0.34930605
625
0.34883595
626
0.34836745
627
0.3478993
628
0.34743395
629
0.34697035
630
0.34650755
631
0.34604555
632
0.34558654
633
0.3451292
634
0.34467164
635
0.34421715
636
0.34376335
637
0.34331322
638
0.3428626
639
0.34241372
640
0.34196714
641
0.34152225
642
0.3410767
643
0.340635
644
0.3401929
645
0.33975318
646
0.33931458
647
0.33887732
648
0.33844095
649
0.33800748
650
0.33757377
651
0.3371418
652
0.3367121
653
0.33628276
654
0.3358552
655
0.3354299
656
0.3350051
657
0.334583
658
0.334161
659
0.33373952
660
0.33332032
661
0.3329016
662
0.3324854
663
0.3320705
664
0.33165672
665
0.33124414
666
0.33083314
667
0.33042315
668
0.33001447
669
0.32960695
670
0.32919976
671
0.32879597
672
0.3283911
673
0.32798868
674
0.32758844
675
0.3271886
676
0.32678956
677
0.32639262
678
0.3259949
679
0.3256013
680
0.3252074
681
0.32481498
682
0.3244246
683
0.3240341
684
0.32364503
685
0.32325828
686
0.3228698
687
0.32248503
688
0.32210135
689
0.32171872
690
0.32133642
691
0.32095668
692
0.3205765
693
0.32019857
694
0.3198212
695
0.31944513
696
0.31906986
697
0.31869617
698
0.31832412
699
0.3179527
700
0.31758186
701
0.317213
702
0.31684494
703
0.316477
704
0.31611073
705
0.3157463
706
0.315383
707
0.31501994
708
0.31465793
709
0.31429756
710
0.31393662
711
0.3135797
712
0.31322202
713
0.312865
714
0.3125105
715
0.31215587
716
0.31180263
717
0.31144997
718
0.31109923
719
0.3107499
720
0.31039894
721
0.3100516
722
0.309704
723
0.30935884
724
0.3090134
725
0.30867007
726
0.3083266
727
0.30798495
728
0.3076427
729
0.30730224
730
0.30696297
731
0.30662465
732
0.30628857
733
0.30595165
734
0.30561614
735
0.30528143
736
0.30494916
737
0.30461606
738
0.3042846
739
0.30395427
740
0.30362508
741
0.3032958
742
0.30296803
743
0.30264226
744
0.302316
745
0.30199122
746
0.30166647
747
0.30134287
748
0.30102107
749
0.30069998
750
0.300379
751
0.30005997
752
0.29974157
753
0.2994229
754
0.29910636
755
0.298791
756
0.2984756
757
0.2981617
758
0.29784757
759
0.29753524
760
0.2972238
761
0.2969136
762
0.29660308
763
0.29629385
764
0.29598522
765
0.2956785
766
0.295372
767
0.29506582
768
0.29476026
769
0.29445663
770
0.29415414
771
0.29385078
772
0.29354912
773
0.29324827
774
0.2929479
775
0.2926493
776
0.29235068
777
0.29205406
778
0.29175705
779
0.29146004
780
0.29116482
781
0.2908713
782
0.2905773
783
0.29028466
784
0.2899916
785
0.28970057
786
0.28941107
787
0.28912106
788
0.28883195
789
0.28854445
790
0.28825644
791
0.2879687
792
0.287683
793
0.28739777
794
0.28711352
795
0.28682968
796
0.28654748
797
0.28626496
798
0.2859842
799
0.2857025
800
0.28542328
801
0.2851441
802
0.28486657
803
0.28458866
804
0.28431153
805
0.2840346
806
0.2837589
807
0.2834841
808
0.28321004
809
0.2829359
810
0.28266397
811
0.28239053
812
0.28211954
813
0.28184915
814
0.28157875
815
0.28130925
816
0.28104067
817
0.28077316
818
0.28050587
819
0.28023902
820
0.2799732
821
0.27970797
822
0.27944428
823
0.27918005
824
0.27891737
825
0.27865493
826
0.27839273
827
0.27813202
828
0.27787116
829
0.27761102
830
0.27735224
831
0.27709365
832
0.27683568
833
0.276578
834
0.27632084
835
0.27606526
836
0.27581048
837
0.27555484
838
0.27530044
839
0.27504694
840
0.2747945
841
0.2745425
842
0.27429056
843
0.2740393
844
0.27378947
845
0.2735398
846
0.2732906
847
0.2730423
848
0.2727939
849
0.27254695
850
0.2723007
851
0.27205423
852
0.27180868
853
0.27156395
854
0.2713191
855
0.27107581
856
0.270833
857
0.2705901
858
0.2703486
859
0.2701074
860
0.26986635
861
0.26962644
862
0.26938665
863
0.2691475
864
0.26890945
865
0.26867214
866
0.26843423
867
0.26819742
868
0.2679619
869
0.2677245
870
0.26749015
871
0.2672558
872
0.2670216
873
0.266789
874
0.26655713
875
0.266324
876
0.2660926
877
0.2658622
878
0.26563066
879
0.26540008
880
0.26517135
881
0.26494208
882
0.2647133
883
0.26448575
884
0.26425853
885
0.26403114
886
0.2638053
887
0.26357937
888
0.2633543
889
0.2631299
890
0.26290545
891
0.26268202
892
0.26245815
893
0.26223597
894
0.2620139
895
0.2617926
896
0.26157093
897
0.2613505
898
0.26113036
899
0.260912
900
0.26069155
901
0.2604734
902
0.26025462
903
0.26003778
904
0.2598201
905
0.25960383
906
0.2593879
907
0.25917226
908
0.25895855
909
0.25874263
910
0.258529
911
0.2583155
912
0.25810224
913
0.25788978
914
0.2576776
915
0.2574657
916
0.25725472
917
0.25704378
918
0.25683317
919
0.25662377
920
0.25641447
921
0.25620615
922
0.25599766
923
0.25579014
924
0.25558338
925
0.25537646
926
0.25516966
927
0.2549638
928
0.2547581
929
0.25455338
930
0.25434834
931
0.25414464
932
0.25394055
933
0.2537369
934
0.2535344
935
0.25333163
936
0.2531299
937
0.2529287
938
0.25272718
939
0.2525259
940
0.25232664
941
0.2521277
942
0.25192726
943
0.25172886
944
0.25153032
945
0.25133172
946
0.25113466
947
0.25093764
948
0.250741
949
0.2505445
950
0.25034901
951
0.2501538
952
0.24995953
953
0.24976528
954
0.24957092
955
0.24937803
956
0.24918354
957
0.24899131
958
0.24879916
959
0.24860628
960
0.2484141
961
0.24822299
962
0.24803266
963
0.24784203
964
0.24765256
965
0.24746421
966
0.24727413
967
0.24708492
968
0.24689712
969
0.24670957
970
0.24652208
971
0.24633458
972
0.24614817
973
0.2459621
974
0.2457754
975
0.24559043
976
0.24540487
977
0.24522042
978
0.24503678
979
0.24485254
980
0.24466842
981
0.24448563
982
0.24430221
983
0.24411978
984
0.24393816
985
0.243756
986
0.24357595
987
0.24339412
988
0.24321392
989
0.24303313
990
0.24285387
991
0.2426743
992
0.24249564
993
0.24231708
994
0.24213824
995
0.24196117
996
0.24178399
997
0.24160618
998
0.2414284
999
0.24125227
3114.2419970035553
