/home/mcgreivy/.conda/envs/jax-cpu/lib/python3.8/site-packages/jax/lib/xla_bridge.py:123: UserWarning: No GPU/TPU found, falling back to CPU.
  warnings.warn('No GPU/TPU found, falling back to CPU.')
/home/mcgreivy/.conda/envs/jax-cpu/lib/python3.8/site-packages/jax/lax/lax.py:4670: UserWarning: Explicitly requested dtype <class 'jax.numpy.lax_numpy.int64'> requested in arange is not available, and will be truncated to dtype int32. To enable more dtypes, set the jax_enable_x64 configuration option or the JAX_ENABLE_X64 shell environment variable. See https://github.com/google/jax#current-gotchas for more.
  warnings.warn(msg.format(dtype, fun_name , truncated_dtype))
0
112.882576
1
83.58171
2
72.138725
3
66.42529
4
63.17368
5
61.11402
6
59.694103
7
58.650574
8
57.846375
9
57.20416
10
56.67718
11
56.235374
12
55.858536
13
55.532524
14
55.247105
15
54.994686
16
54.7695
17
54.567093
18
54.383972
19
54.21734
20
54.06493
21
53.924915
22
53.795757
23
53.67621
24
53.565178
25
53.461777
26
53.365223
27
53.27484
28
53.190075
29
53.110405
30
53.035416
31
52.964684
32
52.89789
33
52.834724
34
52.77492
35
52.718224
36
52.664425
37
52.613304
38
52.564697
39
52.518448
40
52.474384
41
52.43239
42
52.39233
43
52.354095
44
52.317562
45
52.28265
46
52.249268
47
52.217316
48
52.186733
49
52.157455
50
52.12938
51
52.10247
52
52.076664
53
52.051903
54
52.02814
55
52.005318
56
51.9834
57
51.962337
58
51.942093
59
51.922626
60
51.903908
61
51.885895
62
51.86855
63
51.85187
64
51.835815
65
51.820335
66
51.80544
67
51.791077
68
51.777233
69
51.7639
70
51.75104
71
51.738632
72
51.726673
73
51.71513
74
51.703987
75
51.693245
76
51.682877
77
51.672867
78
51.663197
79
51.65386
80
51.64485
81
51.63614
82
51.627735
83
51.619606
84
51.611748
85
51.60417
86
51.596832
87
51.58974
88
51.58289
89
51.576267
90
51.56986
91
51.563667
92
51.557682
93
51.551884
94
51.546284
95
51.54087
96
51.535625
97
51.53055
98
51.52564
99
51.520897
100
51.51631
101
51.511864
102
51.50756
103
51.503403
104
51.499367
105
51.49548
106
51.491695
107
51.48804
108
51.484516
109
51.481083
110
51.477776
111
51.47456
112
51.471466
113
51.46845
114
51.465534
115
51.462708
116
51.45998
117
51.45734
118
51.454773
119
51.452297
120
51.449894
121
51.44756
122
51.445312
123
51.44313
124
51.441017
125
51.438972
126
51.43699
127
51.435062
128
51.433205
129
51.43139
130
51.429653
131
51.42796
132
51.426308
133
51.424725
134
51.423183
135
51.421696
136
51.420254
137
51.41885
138
51.417492
139
51.416187
140
51.41491
141
51.41367
142
51.41247
143
51.41131
144
51.410187
145
51.4091
146
51.40804
147
51.407024
148
51.406025
149
51.405067
150
51.40413
151
51.40323
152
51.40236
153
51.401497
154
51.40068
155
51.399887
156
51.39911
157
51.398357
158
51.39763
159
51.396923
160
51.39624
161
51.395573
162
51.39494
163
51.394302
164
51.393707
165
51.39312
166
51.392555
167
51.392002
168
51.39146
169
51.390938
170
51.390434
171
51.38995
172
51.38947
173
51.389015
174
51.388565
175
51.38813
176
51.38772
177
51.387295
178
51.386898
179
51.386536
180
51.38615
181
51.385788
182
51.385433
183
51.385098
184
51.384766
185
51.384445
186
51.38413
187
51.383827
188
51.38353
189
51.38325
190
51.38297
191
51.3827
192
51.38244
193
51.38218
194
51.381935
195
51.381695
196
51.381462
197
51.381237
198
51.381016
199
51.38081
200
51.3806
201
51.380398
202
51.380196
203
51.38
204
51.379807
205
51.37964
206
51.379456
207
51.379288
208
51.379124
209
51.37896
210
51.378803
211
51.378647
212
51.37851
213
51.378357
214
51.378216
215
51.37808
216
51.37795
217
51.377815
218
51.37769
219
51.377575
220
51.37745
221
51.377327
222
51.377216
223
51.377113
224
51.377003
225
51.376896
226
51.376785
227
51.37669
228
51.376587
229
51.37649
230
51.37641
231
51.376316
232
51.376225
233
51.376152
234
51.37606
235
51.37598
236
51.375896
237
51.375828
238
51.37574
239
51.375675
240
51.37559
241
51.375534
242
51.37546
243
51.375393
244
51.375324
245
51.37526
246
51.375195
247
51.37513
248
51.375076
249
51.375015
250
51.374966
251
51.3749
252
51.374847
253
51.37479
254
51.37475
255
51.3747
256
51.37463
257
51.374588
258
51.374546
259
51.3745
260
51.37445
261
51.374405
262
51.37436
263
51.374313
264
51.374268
265
51.374233
266
51.374187
267
51.37415
268
51.37411
269
51.374065
270
51.37404
271
51.373993
272
51.373962
273
51.373928
274
51.37389
275
51.37385
276
51.373817
277
51.373787
278
51.37375
279
51.37372
280
51.373695
281
51.373657
282
51.373627
283
51.373592
284
51.37356
285
51.373528
286
51.373512
287
51.373478
288
51.373447
289
51.373413
290
51.3734
291
51.37336
292
51.373337
293
51.373318
294
51.37329
295
51.37326
296
51.373238
297
51.373207
298
51.37319
299
51.373165
300
51.373146
301
51.37311
302
51.373096
303
51.37307
304
51.37305
305
51.373024
306
51.373
307
51.37298
308
51.372967
309
51.372932
310
51.372913
311
51.37288
312
51.37287
313
51.372852
314
51.372837
315
51.372814
316
51.372784
317
51.37277
318
51.37275
319
51.372734
320
51.372707
321
51.372696
322
51.372673
323
51.37265
324
51.37264
325
51.372612
326
51.3726
327
51.37259
328
51.37256
329
51.372547
330
51.372528
331
51.372513
332
51.372482
333
51.37247
334
51.37245
335
51.372437
336
51.372417
337
51.372402
338
51.372383
339
51.372368
340
51.372356
341
51.37234
342
51.37232
343
51.372307
344
51.37229
345
51.37227
346
51.372246
347
51.372234
348
51.372227
349
51.372204
350
51.3722
351
51.372177
352
51.372154
353
51.372154
354
51.37213
355
51.372112
356
51.372097
357
51.372086
358
51.372063
359
51.372044
360
51.372032
361
51.37202
362
51.372005
363
51.37199
364
51.371986
365
51.371964
366
51.37195
367
51.371933
368
51.371918
369
51.371902
370
51.371883
371
51.37187
372
51.371857
373
51.37185
374
51.371822
375
51.37181
376
51.371803
377
51.37178
378
51.37177
379
51.37176
380
51.37175
381
51.371727
382
51.37171
383
51.371708
384
51.371693
385
51.371666
386
51.37166
387
51.371643
388
51.371628
389
51.37162
390
51.3716
391
51.37159
392
51.371574
393
51.37156
394
51.371548
395
51.37154
396
51.371517
397
51.371506
398
51.371494
399
51.37148
400
51.371475
401
51.371456
402
51.371445
403
51.371437
404
51.371407
405
51.3714
406
51.371387
407
51.371376
408
51.37136
409
51.37135
410
51.371338
411
51.371323
412
51.37131
413
51.3713
414
51.371277
415
51.37127
416
51.37125
417
51.37124
418
51.371223
419
51.371212
420
51.371204
421
51.37119
422
51.371178
423
51.37117
424
51.37115
425
51.371143
426
51.371124
427
51.371117
428
51.371098
429
51.37109
430
51.37107
431
51.37106
432
51.371056
433
51.37104
434
51.371025
435
51.371014
436
51.370995
437
51.37099
438
51.370968
439
51.370956
440
51.370945
441
51.37093
442
51.37093
443
51.370907
444
51.370895
445
51.370884
446
51.370876
447
51.370865
448
51.370853
449
51.37084
450
51.370834
451
51.37081
452
51.370792
453
51.370792
454
51.370777
455
51.37077
456
51.37075
457
51.370735
458
51.370724
459
51.37071
460
51.370697
461
51.37068
462
51.37067
463
51.370667
464
51.370663
465
51.370644
466
51.37062
467
51.370613
468
51.370605
469
51.37059
470
51.37058
471
51.370567
472
51.370552
473
51.37054
474
51.37053
475
51.370514
476
51.37051
477
51.370502
478
51.370487
479
51.370472
480
51.37046
481
51.37044
482
51.370434
483
51.370422
484
51.370407
485
51.3704
486
51.370388
487
51.370373
488
51.37036
489
51.37035
490
51.370342
491
51.370327
492
51.37031
493
51.370304
494
51.370296
495
51.37029
496
51.370266
497
51.370255
498
51.370247
499
51.37023
500
51.370216
501
51.37021
502
51.370197
503
51.37019
504
51.370167
505
51.370163
506
51.370144
507
51.370136
508
51.37012
509
51.370117
510
51.37011
511
51.37009
512
51.370083
513
51.370075
514
51.37006
515
51.370045
516
51.37003
517
51.370018
518
51.370014
519
51.370003
520
51.369987
521
51.369976
522
51.36997
523
51.369957
524
51.36995
525
51.369926
526
51.36992
527
51.36991
528
51.369896
529
51.369884
530
51.369873
531
51.369858
532
51.369854
533
51.36983
534
51.369827
535
51.369816
536
51.369804
537
51.36979
538
51.36978
539
51.36977
540
51.36976
541
51.36975
542
51.369728
543
51.369728
544
51.36971
545
51.369705
546
51.36969
547
51.36968
548
51.369667
549
51.36966
550
51.369648
551
51.369637
552
51.369625
553
51.36961
554
51.369595
555
51.36959
556
51.36957
557
51.36956
558
51.36955
559
51.36955
560
51.369526
561
51.369522
562
51.369507
563
51.369507
564
51.36949
565
51.36948
566
51.369457
567
51.36946
568
51.36945
569
51.36944
570
51.36942
571
51.369408
572
51.3694
573
51.36938
574
51.369377
575
51.36937
576
51.369354
577
51.36934
578
51.36933
579
51.36933
580
51.36932
581
51.3693
582
51.36928
583
51.369286
584
51.369267
585
51.369263
586
51.36925
587
51.36924
588
51.369232
589
51.369213
590
51.3692
591
51.3692
592
51.369186
593
51.369167
594
51.36916
595
51.36915
596
51.36914
597
51.36913
598
51.36911
599
51.369114
600
51.36909
601
51.36908
602
51.369072
603
51.36906
604
51.369053
605
51.36904
606
51.369026
607
51.36902
608
51.369022
609
51.369007
610
51.36898
611
51.36898
612
51.368965
613
51.36896
614
51.368946
615
51.36893
616
51.368935
617
51.36892
618
51.368904
619
51.368893
620
51.36888
621
51.36887
622
51.36886
623
51.368843
624
51.368835
625
51.36884
626
51.36881
627
51.368805
628
51.3688
629
51.368782
630
51.368774
631
51.368755
632
51.368755
633
51.36874
634
51.368736
635
51.36872
636
51.36871
637
51.368702
638
51.36869
639
51.368683
640
51.368675
641
51.36866
642
51.368645
643
51.368637
644
51.368626
645
51.36862
646
51.368607
647
51.36859
648
51.36859
649
51.368576
650
51.368572
651
51.368553
652
51.368538
653
51.368538
654
51.368523
655
51.36852
656
51.3685
657
51.36849
658
51.368484
659
51.368473
660
51.36847
661
51.368454
662
51.368446
663
51.36843
664
51.36842
665
51.36842
666
51.3684
667
51.368393
668
51.368378
669
51.368374
670
51.368366
671
51.36836
672
51.36834
673
51.36833
674
51.36832
675
51.36831
676
51.3683
677
51.368286
678
51.368275
679
51.36827
680
51.368263
681
51.368244
682
51.368237
683
51.368233
684
51.368214
685
51.368206
686
51.368195
687
51.36818
688
51.36818
689
51.368168
690
51.368156
691
51.368153
692
51.368134
693
51.36813
694
51.368126
695
51.3681
696
51.368095
697
51.368084
698
51.368084
699
51.368073
700
51.36807
701
51.36805
702
51.36804
703
51.368027
704
51.36802
705
51.368008
706
51.368008
707
51.36799
708
51.367985
709
51.367966
710
51.367958
711
51.36795
712
51.367935
713
51.367924
714
51.367924
715
51.367912
716
51.3679
717
51.367886
718
51.36788
719
51.36787
720
51.36785
721
51.367855
722
51.367836
723
51.367832
724
51.36782
725
51.36781
726
51.367798
727
51.367786
728
51.367783
729
51.36777
730
51.36777
731
51.36776
732
51.36774
733
51.36773
734
51.36772
735
51.36771
736
51.367706
737
51.367695
738
51.367683
739
51.367676
740
51.367664
741
51.36765
742
51.367653
743
51.367626
744
51.36763
745
51.36762
746
51.367607
747
51.367603
748
51.36758
749
51.367577
750
51.367573
751
51.367558
752
51.367546
753
51.36754
754
51.367523
755
51.367516
756
51.36752
757
51.3675
758
51.367493
759
51.36748
760
51.36746
761
51.36746
762
51.36746
763
51.36744
764
51.36743
765
51.367416
766
51.367413
767
51.3674
768
51.367386
769
51.36739
770
51.367367
771
51.36737
772
51.367363
773
51.367355
774
51.367336
775
51.367317
776
51.367317
777
51.36731
778
51.3673
779
51.367287
780
51.367275
781
51.36726
782
51.36726
783
51.367256
784
51.367245
785
51.36723
786
51.367226
787
51.367218
788
51.36721
789
51.367203
790
51.367184
791
51.367172
792
51.36717
793
51.367157
794
51.36715
795
51.367134
796
51.367123
797
51.367123
798
51.367115
799
51.367104
800
51.367092
801
51.367077
802
51.367065
803
51.367073
804
51.367065
805
51.367046
806
51.36703
807
51.36703
808
51.367023
809
51.367004
810
51.367004
811
51.36699
812
51.366978
813
51.36697
814
51.366962
815
51.366955
816
51.366943
817
51.36693
818
51.366924
819
51.36693
820
51.36691
821
51.366898
822
51.36689
823
51.36687
824
51.36687
825
51.366867
826
51.36686
827
51.366837
828
51.366833
829
51.36682
830
51.366814
831
51.366806
832
51.366802
833
51.366787
834
51.36678
835
51.366768
836
51.36676
837
51.36675
838
51.366734
839
51.366726
840
51.366722
841
51.36672
842
51.366707
843
51.36669
844
51.366688
845
51.36668
846
51.366665
847
51.366665
848
51.366665
849
51.366642
850
51.366634
851
51.366627
852
51.36661
853
51.36661
854
51.366596
855
51.36659
856
51.36658
857
51.36657
858
51.366566
859
51.366547
860
51.366547
861
51.366535
862
51.36652
863
51.366516
864
51.366512
865
51.366493
866
51.36649
867
51.366474
868
51.366467
869
51.366463
870
51.366455
871
51.36644
872
51.36644
873
51.366425
874
51.36643
875
51.3664
876
51.3664
877
51.366394
878
51.366386
879
51.366375
880
51.366364
881
51.366356
882
51.366352
883
51.366344
884
51.366337
885
51.366318
886
51.36631
887
51.366306
888
51.366295
889
51.36628
890
51.36628
891
51.366276
892
51.366257
893
51.366245
894
51.36624
895
51.366234
896
51.366222
897
51.36621
898
51.366207
899
51.366196
900
51.366188
901
51.36618
902
51.366177
903
51.36617
904
51.366154
905
51.366142
906
51.366135
907
51.36613
908
51.36612
909
51.366116
910
51.366104
911
51.366096
912
51.36608
913
51.366085
914
51.36607
915
51.366062
916
51.366055
917
51.366043
918
51.36603
919
51.366028
920
51.366016
921
51.36601
922
51.366
923
51.365986
924
51.365986
925
51.365974
926
51.365967
927
51.36596
928
51.365948
929
51.365932
930
51.365936
931
51.36592
932
51.365917
933
51.365906
934
51.36589
935
51.36589
936
51.36588
937
51.365868
938
51.365864
939
51.365864
940
51.36584
941
51.365837
942
51.36583
943
51.365818
944
51.365807
945
51.365803
946
51.36579
947
51.365788
948
51.365776
949
51.365765
950
51.365757
951
51.365753
952
51.365746
953
51.36574
954
51.365738
955
51.365707
956
51.365707
957
51.365704
958
51.365692
959
51.36568
960
51.36568
961
51.36566
962
51.36566
963
51.365646
964
51.36564
965
51.36563
966
51.365635
967
51.365612
968
51.365604
969
51.365597
970
51.36559
971
51.365585
972
51.365574
973
51.36556
974
51.36556
975
51.36555
976
51.365543
977
51.365536
978
51.36553
979
51.365517
980
51.365505
981
51.365494
982
51.365486
983
51.365486
984
51.365467
985
51.365456
986
51.36545
987
51.365456
988
51.365437
989
51.36544
990
51.36543
991
51.36542
992
51.365402
993
51.365402
994
51.36539
995
51.365387
996
51.365376
997
51.365364
998
51.365356
999
51.365353
3787.503629207611
